TOOL:	xmverilog	21.03-s007: Started on Dec 09, 2022 at 00:32:03 CST
xmverilog: 21.03-s007: (c) Copyright 1995-2021 Cadence Design Systems, Inc.
		Caching library 'worklib' ....... Done
	Elaborating the design hierarchy:
	Building instance overlay tables: .................... Done
	Building instance specific data structures.
	Loading native compiled code:     .................... Done
	Design hierarchy summary:
		                    Instances  Unique
		Modules:               107011     883
		UDPs:                   11791      11
		Primitives:            193349      10
		Timing outputs:        107406     253
		Registers:              11613     260
		Scalar wires:          120375       -
		Vectored wires:            12       -
		Cont. assignments:          0       4
		Timing checks:          92999    1956
		Simulation timescale:     1ps
	Writing initial simulation snapshot: worklib.XOR3X4MA10TR:v
TOOL:	xmverilog	21.03-s007: Exiting on Dec 09, 2022 at 00:32:19 CST  (total: 00:00:16)
