TOOL:	xmverilog	21.03-s007: Started on Nov 26, 2022 at 23:02:33 CST
DEFINE hfaroo9_test /home/hfaroo9/virt-test/hfaroo9_test
|
xmverilog: *W,DLCPTH (./cds.lib,2): cds.lib Invalid path '/home/hfaroo9/virt-test/hfaroo9_test' (cds.lib command ignored).
xmverilog: 21.03-s007: (c) Copyright 1995-2021 Cadence Design Systems, Inc.
DEFINE hfaroo9_test /home/hfaroo9/virt-test/hfaroo9_test
|
xmverilog: *W,DLCPTH (./cds.lib,2): cds.lib Invalid path '/home/hfaroo9/virt-test/hfaroo9_test' (cds.lib command ignored).
DEFINE hfaroo9_test /home/hfaroo9/virt-test/hfaroo9_test
|
xmverilog: *W,DLCPTH (./cds.lib,2): cds.lib Invalid path '/home/hfaroo9/virt-test/hfaroo9_test' (cds.lib command ignored).
DEFINE hfaroo9_test /home/hfaroo9/virt-test/hfaroo9_test
|
xmverilog: *W,DLCPTH (./cds.lib,2): cds.lib Invalid path '/home/hfaroo9/virt-test/hfaroo9_test' (cds.lib command ignored).
DEFINE hfaroo9_test /home/hfaroo9/virt-test/hfaroo9_test
|
xmverilog: *W,DLCPTH (./cds.lib,2): cds.lib Invalid path '/home/hfaroo9/virt-test/hfaroo9_test' (cds.lib command ignored).
DEFINE hfaroo9_test /home/hfaroo9/virt-test/hfaroo9_test
|
xmverilog: *W,DLCPTH (./cds.lib,2): cds.lib Invalid path '/home/hfaroo9/virt-test/hfaroo9_test' (cds.lib command ignored).
DEFINE hfaroo9_test /home/hfaroo9/virt-test/hfaroo9_test
|
xmvlog: *W,DLCPTH (./cds.lib,2): cds.lib Invalid path '/home/hfaroo9/virt-test/hfaroo9_test' (cds.lib command ignored).
file: /ece498hk/libs/T65GP_RFMIM_2fF_1P0V_2P5V_1p9m_6X1Z1U_ALRDL_OA61_PDK/stdcell_dig/fb_tsmc065gp_rvt_lvt/aci/sc-ad10/verilog/tsmc65_rvt_sc_adv10.v
	module worklib.XOR3X4MA10TR:v
		errors: 0, warnings: 0
	module worklib.XOR3X3MA10TR:v
		errors: 0, warnings: 0
	module worklib.XOR3X2MA10TR:v
		errors: 0, warnings: 0
	module worklib.XOR3X1P4MA10TR:v
		errors: 0, warnings: 0
	module worklib.XOR3X1MA10TR:v
		errors: 0, warnings: 0
	module worklib.XOR3X0P7MA10TR:v
		errors: 0, warnings: 0
	module worklib.XOR3X0P5MA10TR:v
		errors: 0, warnings: 0
	module worklib.XOR2X4MA10TR:v
		errors: 0, warnings: 0
	module worklib.XOR2X3MA10TR:v
		errors: 0, warnings: 0
	module worklib.XOR2X2MA10TR:v
		errors: 0, warnings: 0
	module worklib.XOR2X1P4MA10TR:v
		errors: 0, warnings: 0
	module worklib.XOR2X1MA10TR:v
		errors: 0, warnings: 0
	module worklib.XOR2X0P7MA10TR:v
		errors: 0, warnings: 0
	module worklib.XOR2X0P5MA10TR:v
		errors: 0, warnings: 0
	module worklib.XNOR3X4MA10TR:v
		errors: 0, warnings: 0
	module worklib.XNOR3X3MA10TR:v
		errors: 0, warnings: 0
	module worklib.XNOR3X2MA10TR:v
		errors: 0, warnings: 0
	module worklib.XNOR3X1P4MA10TR:v
		errors: 0, warnings: 0
	module worklib.XNOR3X1MA10TR:v
		errors: 0, warnings: 0
	module worklib.XNOR3X0P7MA10TR:v
		errors: 0, warnings: 0
	module worklib.XNOR3X0P5MA10TR:v
		errors: 0, warnings: 0
	module worklib.XNOR2X4MA10TR:v
		errors: 0, warnings: 0
	module worklib.XNOR2X3MA10TR:v
		errors: 0, warnings: 0
	module worklib.XNOR2X2MA10TR:v
		errors: 0, warnings: 0
	module worklib.XNOR2X1P4MA10TR:v
		errors: 0, warnings: 0
	module worklib.XNOR2X1MA10TR:v
		errors: 0, warnings: 0
	module worklib.XNOR2X0P7MA10TR:v
		errors: 0, warnings: 0
	module worklib.XNOR2X0P5MA10TR:v
		errors: 0, warnings: 0
	module worklib.TIELOX1MA10TR:v
		errors: 0, warnings: 0
	module worklib.TIEHIX1MA10TR:v
		errors: 0, warnings: 0
	module worklib.SDFFYQX4MA10TR:v
		errors: 0, warnings: 0
	module worklib.SDFFYQX3MA10TR:v
		errors: 0, warnings: 0
	module worklib.SDFFYQX2MA10TR:v
		errors: 0, warnings: 0
	module worklib.SDFFYQX1MA10TR:v
		errors: 0, warnings: 0
	module worklib.SDFFSRPQX4MA10TR:v
		errors: 0, warnings: 0
	module worklib.SDFFSRPQX3MA10TR:v
		errors: 0, warnings: 0
	module worklib.SDFFSRPQX2MA10TR:v
		errors: 0, warnings: 0
	module worklib.SDFFSRPQX1MA10TR:v
		errors: 0, warnings: 0
	module worklib.SDFFSRPQX0P5MA10TR:v
		errors: 0, warnings: 0
	module worklib.SDFFSQNX3MA10TR:v
		errors: 0, warnings: 0
	module worklib.SDFFSQNX2MA10TR:v
		errors: 0, warnings: 0
	module worklib.SDFFSQNX1MA10TR:v
		errors: 0, warnings: 0
	module worklib.SDFFSQNX0P5MA10TR:v
		errors: 0, warnings: 0
	module worklib.SDFFSQX4MA10TR:v
		errors: 0, warnings: 0
	module worklib.SDFFSQX3MA10TR:v
		errors: 0, warnings: 0
	module worklib.SDFFSQX2MA10TR:v
		errors: 0, warnings: 0
	module worklib.SDFFSQX1MA10TR:v
		errors: 0, warnings: 0
	module worklib.SDFFSQX0P5MA10TR:v
		errors: 0, warnings: 0
	module worklib.SDFFRPQNX3MA10TR:v
		errors: 0, warnings: 0
	module worklib.SDFFRPQNX2MA10TR:v
		errors: 0, warnings: 0
	module worklib.SDFFRPQNX1MA10TR:v
		errors: 0, warnings: 0
	module worklib.SDFFRPQNX0P5MA10TR:v
		errors: 0, warnings: 0
	module worklib.SDFFRPQX4MA10TR:v
		errors: 0, warnings: 0
	module worklib.SDFFRPQX3MA10TR:v
		errors: 0, warnings: 0
	module worklib.SDFFRPQX2MA10TR:v
		errors: 0, warnings: 0
	module worklib.SDFFRPQX1MA10TR:v
		errors: 0, warnings: 0
	module worklib.SDFFRPQX0P5MA10TR:v
		errors: 0, warnings: 0
	module worklib.SDFFQNX3MA10TR:v
		errors: 0, warnings: 0
	module worklib.SDFFQNX2MA10TR:v
		errors: 0, warnings: 0
	module worklib.SDFFQNX1MA10TR:v
		errors: 0, warnings: 0
	module worklib.SDFFQNX0P5MA10TR:v
		errors: 0, warnings: 0
	module worklib.SDFFQX4MA10TR:v
		errors: 0, warnings: 0
	module worklib.SDFFQX3MA10TR:v
		errors: 0, warnings: 0
	module worklib.SDFFQX2MA10TR:v
		errors: 0, warnings: 0
	module worklib.SDFFQX1MA10TR:v
		errors: 0, warnings: 0
	module worklib.SDFFQX0P5MA10TR:v
		errors: 0, warnings: 0
	module worklib.SDFFNSRPQX3MA10TR:v
		errors: 0, warnings: 0
	module worklib.SDFFNSRPQX2MA10TR:v
		errors: 0, warnings: 0
	module worklib.SDFFNSRPQX1MA10TR:v
		errors: 0, warnings: 0
	module worklib.SDFFNSQX3MA10TR:v
		errors: 0, warnings: 0
	module worklib.SDFFNSQX2MA10TR:v
		errors: 0, warnings: 0
	module worklib.SDFFNSQX1MA10TR:v
		errors: 0, warnings: 0
	module worklib.SDFFNRPQX3MA10TR:v
		errors: 0, warnings: 0
	module worklib.SDFFNRPQX2MA10TR:v
		errors: 0, warnings: 0
	module worklib.SDFFNRPQX1MA10TR:v
		errors: 0, warnings: 0
	module worklib.SDFFNQX3MA10TR:v
		errors: 0, warnings: 0
	module worklib.SDFFNQX2MA10TR:v
		errors: 0, warnings: 0
	module worklib.SDFFNQX1MA10TR:v
		errors: 0, warnings: 0
	module worklib.RF2R2WSX2MA10TR:v
		errors: 0, warnings: 0
	module worklib.RF2R2WSX1P4MA10TR:v
		errors: 0, warnings: 0
	module worklib.RF2R2WSX1MA10TR:v
		errors: 0, warnings: 0
	module worklib.RF2R1WSX2MA10TR:v
		errors: 0, warnings: 0
	module worklib.RF2R1WSX1P4MA10TR:v
		errors: 0, warnings: 0
	module worklib.RF2R1WSX1MA10TR:v
		errors: 0, warnings: 0
	module worklib.RF1R2WSX2MA10TR:v
		errors: 0, warnings: 0
	module worklib.RF1R2WSX1P4MA10TR:v
		errors: 0, warnings: 0
	module worklib.RF1R2WSX1MA10TR:v
		errors: 0, warnings: 0
	module worklib.RF1R1WSX2MA10TR:v
		errors: 0, warnings: 0
	module worklib.RF1R1WSX1P4MA10TR:v
		errors: 0, warnings: 0
	module worklib.RF1R1WSX1MA10TR:v
		errors: 0, warnings: 0
	module worklib.PREICGX9BA10TR:v
		errors: 0, warnings: 0
	module worklib.PREICGX7P5BA10TR:v
		errors: 0, warnings: 0
	module worklib.PREICGX6BA10TR:v
		errors: 0, warnings: 0
	module worklib.PREICGX5BA10TR:v
		errors: 0, warnings: 0
	module worklib.PREICGX4BA10TR:v
		errors: 0, warnings: 0
	module worklib.PREICGX3P5BA10TR:v
		errors: 0, warnings: 0
	module worklib.PREICGX3BA10TR:v
		errors: 0, warnings: 0
	module worklib.PREICGX2P5BA10TR:v
		errors: 0, warnings: 0
	module worklib.PREICGX2BA10TR:v
		errors: 0, warnings: 0
	module worklib.PREICGX1P7BA10TR:v
		errors: 0, warnings: 0
	module worklib.PREICGX1P4BA10TR:v
		errors: 0, warnings: 0
	module worklib.PREICGX1P2BA10TR:v
		errors: 0, warnings: 0
	module worklib.PREICGX1BA10TR:v
		errors: 0, warnings: 0
	module worklib.PREICGX16BA10TR:v
		errors: 0, warnings: 0
	module worklib.PREICGX13BA10TR:v
		errors: 0, warnings: 0
	module worklib.PREICGX11BA10TR:v
		errors: 0, warnings: 0
	module worklib.PREICGX0P8BA10TR:v
		errors: 0, warnings: 0
	module worklib.PREICGX0P7BA10TR:v
		errors: 0, warnings: 0
	module worklib.PREICGX0P6BA10TR:v
		errors: 0, warnings: 0
	module worklib.PREICGX0P5BA10TR:v
		errors: 0, warnings: 0
	module worklib.POSTICGX9BA10TR:v
		errors: 0, warnings: 0
	module worklib.POSTICGX7P5BA10TR:v
		errors: 0, warnings: 0
	module worklib.POSTICGX6BA10TR:v
		errors: 0, warnings: 0
	module worklib.POSTICGX5BA10TR:v
		errors: 0, warnings: 0
	module worklib.POSTICGX4BA10TR:v
		errors: 0, warnings: 0
	module worklib.POSTICGX3P5BA10TR:v
		errors: 0, warnings: 0
	module worklib.POSTICGX3BA10TR:v
		errors: 0, warnings: 0
	module worklib.POSTICGX2P5BA10TR:v
		errors: 0, warnings: 0
	module worklib.POSTICGX2BA10TR:v
		errors: 0, warnings: 0
	module worklib.POSTICGX1P7BA10TR:v
		errors: 0, warnings: 0
	module worklib.POSTICGX1P4BA10TR:v
		errors: 0, warnings: 0
	module worklib.POSTICGX1P2BA10TR:v
		errors: 0, warnings: 0
	module worklib.POSTICGX1BA10TR:v
		errors: 0, warnings: 0
	module worklib.POSTICGX16BA10TR:v
		errors: 0, warnings: 0
	module worklib.POSTICGX13BA10TR:v
		errors: 0, warnings: 0
	module worklib.POSTICGX11BA10TR:v
		errors: 0, warnings: 0
	module worklib.POSTICGX0P8BA10TR:v
		errors: 0, warnings: 0
	module worklib.POSTICGX0P7BA10TR:v
		errors: 0, warnings: 0
	module worklib.POSTICGX0P6BA10TR:v
		errors: 0, warnings: 0
	module worklib.POSTICGX0P5BA10TR:v
		errors: 0, warnings: 0
	module worklib.OR6X6MA10TR:v
		errors: 0, warnings: 0
	module worklib.OR6X4MA10TR:v
		errors: 0, warnings: 0
	module worklib.OR6X3MA10TR:v
		errors: 0, warnings: 0
	module worklib.OR6X2MA10TR:v
		errors: 0, warnings: 0
	module worklib.OR6X1P4MA10TR:v
		errors: 0, warnings: 0
	module worklib.OR6X1MA10TR:v
		errors: 0, warnings: 0
	module worklib.OR6X0P7MA10TR:v
		errors: 0, warnings: 0
	module worklib.OR6X0P5MA10TR:v
		errors: 0, warnings: 0
	module worklib.OR4X8MA10TR:v
		errors: 0, warnings: 0
	module worklib.OR4X6MA10TR:v
		errors: 0, warnings: 0
	module worklib.OR4X4MA10TR:v
		errors: 0, warnings: 0
	module worklib.OR4X3MA10TR:v
		errors: 0, warnings: 0
	module worklib.OR4X2MA10TR:v
		errors: 0, warnings: 0
	module worklib.OR4X1P4MA10TR:v
		errors: 0, warnings: 0
	module worklib.OR4X1MA10TR:v
		errors: 0, warnings: 0
	module worklib.OR4X0P7MA10TR:v
		errors: 0, warnings: 0
	module worklib.OR4X0P5MA10TR:v
		errors: 0, warnings: 0
	module worklib.OR3X8MA10TR:v
		errors: 0, warnings: 0
	module worklib.OR3X6MA10TR:v
		errors: 0, warnings: 0
	module worklib.OR3X4MA10TR:v
		errors: 0, warnings: 0
	module worklib.OR3X3MA10TR:v
		errors: 0, warnings: 0
	module worklib.OR3X2MA10TR:v
		errors: 0, warnings: 0
	module worklib.OR3X1P4MA10TR:v
		errors: 0, warnings: 0
	module worklib.OR3X1MA10TR:v
		errors: 0, warnings: 0
	module worklib.OR3X0P7MA10TR:v
		errors: 0, warnings: 0
	module worklib.OR3X0P5MA10TR:v
		errors: 0, warnings: 0
	module worklib.OR2X8MA10TR:v
		errors: 0, warnings: 0
	module worklib.OR2X6MA10TR:v
		errors: 0, warnings: 0
	module worklib.OR2X4MA10TR:v
		errors: 0, warnings: 0
	module worklib.OR2X3MA10TR:v
		errors: 0, warnings: 0
	module worklib.OR2X2MA10TR:v
		errors: 0, warnings: 0
	module worklib.OR2X1P4MA10TR:v
		errors: 0, warnings: 0
	module worklib.OR2X1MA10TR:v
		errors: 0, warnings: 0
	module worklib.OR2X11MA10TR:v
		errors: 0, warnings: 0
	module worklib.OR2X0P7MA10TR:v
		errors: 0, warnings: 0
	module worklib.OR2X0P5MA10TR:v
		errors: 0, warnings: 0
	module worklib.OAI2XB1X8MA10TR:v
		errors: 0, warnings: 0
	module worklib.OAI2XB1X6MA10TR:v
		errors: 0, warnings: 0
	module worklib.OAI2XB1X4MA10TR:v
		errors: 0, warnings: 0
	module worklib.OAI2XB1X3MA10TR:v
		errors: 0, warnings: 0
	module worklib.OAI2XB1X2MA10TR:v
		errors: 0, warnings: 0
	module worklib.OAI2XB1X1P4MA10TR:v
		errors: 0, warnings: 0
	module worklib.OAI2XB1X1MA10TR:v
		errors: 0, warnings: 0
	module worklib.OAI2XB1X0P7MA10TR:v
		errors: 0, warnings: 0
	module worklib.OAI2XB1X0P5MA10TR:v
		errors: 0, warnings: 0
	module worklib.OAI22X8MA10TR:v
		errors: 0, warnings: 0
	module worklib.OAI22X6MA10TR:v
		errors: 0, warnings: 0
	module worklib.OAI22X4MA10TR:v
		errors: 0, warnings: 0
	module worklib.OAI22X3MA10TR:v
		errors: 0, warnings: 0
	module worklib.OAI22X2MA10TR:v
		errors: 0, warnings: 0
	module worklib.OAI22X1P4MA10TR:v
		errors: 0, warnings: 0
	module worklib.OAI22X1MA10TR:v
		errors: 0, warnings: 0
	module worklib.OAI22X0P7MA10TR:v
		errors: 0, warnings: 0
	module worklib.OAI22X0P5MA10TR:v
		errors: 0, warnings: 0
	module worklib.OAI222X4MA10TR:v
		errors: 0, warnings: 0
	module worklib.OAI222X3MA10TR:v
		errors: 0, warnings: 0
	module worklib.OAI222X2MA10TR:v
		errors: 0, warnings: 0
	module worklib.OAI222X1P4MA10TR:v
		errors: 0, warnings: 0
	module worklib.OAI222X1MA10TR:v
		errors: 0, warnings: 0
	module worklib.OAI222X0P7MA10TR:v
		errors: 0, warnings: 0
	module worklib.OAI222X0P5MA10TR:v
		errors: 0, warnings: 0
	module worklib.OAI221X4MA10TR:v
		errors: 0, warnings: 0
	module worklib.OAI221X3MA10TR:v
		errors: 0, warnings: 0
	module worklib.OAI221X2MA10TR:v
		errors: 0, warnings: 0
	module worklib.OAI221X1P4MA10TR:v
		errors: 0, warnings: 0
	module worklib.OAI221X1MA10TR:v
		errors: 0, warnings: 0
	module worklib.OAI221X0P7MA10TR:v
		errors: 0, warnings: 0
	module worklib.OAI221X0P5MA10TR:v
		errors: 0, warnings: 0
	module worklib.OAI21BX8MA10TR:v
		errors: 0, warnings: 0
	module worklib.OAI21BX6MA10TR:v
		errors: 0, warnings: 0
	module worklib.OAI21BX4MA10TR:v
		errors: 0, warnings: 0
	module worklib.OAI21BX3MA10TR:v
		errors: 0, warnings: 0
	module worklib.OAI21BX2MA10TR:v
		errors: 0, warnings: 0
	module worklib.OAI21BX1P4MA10TR:v
		errors: 0, warnings: 0
	module worklib.OAI21BX1MA10TR:v
		errors: 0, warnings: 0
	module worklib.OAI21BX0P7MA10TR:v
		errors: 0, warnings: 0
	module worklib.OAI21BX0P5MA10TR:v
		errors: 0, warnings: 0
	module worklib.OAI21X8MA10TR:v
		errors: 0, warnings: 0
	module worklib.OAI21X6MA10TR:v
		errors: 0, warnings: 0
	module worklib.OAI21X4MA10TR:v
		errors: 0, warnings: 0
	module worklib.OAI21X3MA10TR:v
		errors: 0, warnings: 0
	module worklib.OAI21X2MA10TR:v
		errors: 0, warnings: 0
	module worklib.OAI21X1P4MA10TR:v
		errors: 0, warnings: 0
	module worklib.OAI21X1MA10TR:v
		errors: 0, warnings: 0
	module worklib.OAI21X0P7MA10TR:v
		errors: 0, warnings: 0
	module worklib.OAI21X0P5MA10TR:v
		errors: 0, warnings: 0
	module worklib.OAI211X4MA10TR:v
		errors: 0, warnings: 0
	module worklib.OAI211X3MA10TR:v
		errors: 0, warnings: 0
	module worklib.OAI211X2MA10TR:v
		errors: 0, warnings: 0
	module worklib.OAI211X1P4MA10TR:v
		errors: 0, warnings: 0
	module worklib.OAI211X1MA10TR:v
		errors: 0, warnings: 0
	module worklib.OAI211X0P7MA10TR:v
		errors: 0, warnings: 0
	module worklib.OAI211X0P5MA10TR:v
		errors: 0, warnings: 0
	module worklib.OA22X8MA10TR:v
		errors: 0, warnings: 0
	module worklib.OA22X6MA10TR:v
		errors: 0, warnings: 0
	module worklib.OA22X4MA10TR:v
		errors: 0, warnings: 0
	module worklib.OA22X3MA10TR:v
		errors: 0, warnings: 0
	module worklib.OA22X2MA10TR:v
		errors: 0, warnings: 0
	module worklib.OA22X1P4MA10TR:v
		errors: 0, warnings: 0
	module worklib.OA22X1MA10TR:v
		errors: 0, warnings: 0
	module worklib.OA22X0P7MA10TR:v
		errors: 0, warnings: 0
	module worklib.OA22X0P5MA10TR:v
		errors: 0, warnings: 0
	module worklib.OA21X8MA10TR:v
		errors: 0, warnings: 0
	module worklib.OA21X6MA10TR:v
		errors: 0, warnings: 0
	module worklib.OA21X4MA10TR:v
		errors: 0, warnings: 0
	module worklib.OA21X3MA10TR:v
		errors: 0, warnings: 0
	module worklib.OA21X2MA10TR:v
		errors: 0, warnings: 0
	module worklib.OA21X1P4MA10TR:v
		errors: 0, warnings: 0
	module worklib.OA21X1MA10TR:v
		errors: 0, warnings: 0
	module worklib.OA21X0P7MA10TR:v
		errors: 0, warnings: 0
	module worklib.OA21X0P5MA10TR:v
		errors: 0, warnings: 0
	module worklib.OA211X6MA10TR:v
		errors: 0, warnings: 0
	module worklib.OA211X4MA10TR:v
		errors: 0, warnings: 0
	module worklib.OA211X3MA10TR:v
		errors: 0, warnings: 0
	module worklib.OA211X2MA10TR:v
		errors: 0, warnings: 0
	module worklib.OA211X1P4MA10TR:v
		errors: 0, warnings: 0
	module worklib.OA211X1MA10TR:v
		errors: 0, warnings: 0
	module worklib.OA211X0P7MA10TR:v
		errors: 0, warnings: 0
	module worklib.OA211X0P5MA10TR:v
		errors: 0, warnings: 0
	module worklib.NOR3X4MA10TR:v
		errors: 0, warnings: 0
	module worklib.NOR3X4AA10TR:v
		errors: 0, warnings: 0
	module worklib.NOR3X3MA10TR:v
		errors: 0, warnings: 0
	module worklib.NOR3X3AA10TR:v
		errors: 0, warnings: 0
	module worklib.NOR3X2MA10TR:v
		errors: 0, warnings: 0
	module worklib.NOR3X2AA10TR:v
		errors: 0, warnings: 0
	module worklib.NOR3X1P4MA10TR:v
		errors: 0, warnings: 0
	module worklib.NOR3X1P4AA10TR:v
		errors: 0, warnings: 0
	module worklib.NOR3X1MA10TR:v
		errors: 0, warnings: 0
	module worklib.NOR3X1AA10TR:v
		errors: 0, warnings: 0
	module worklib.NOR3X0P7MA10TR:v
		errors: 0, warnings: 0
	module worklib.NOR3X0P7AA10TR:v
		errors: 0, warnings: 0
	module worklib.NOR3X0P5MA10TR:v
		errors: 0, warnings: 0
	module worklib.NOR3X0P5AA10TR:v
		errors: 0, warnings: 0
	module worklib.NOR2XBX8MA10TR:v
		errors: 0, warnings: 0
	module worklib.NOR2XBX6MA10TR:v
		errors: 0, warnings: 0
	module worklib.NOR2XBX4MA10TR:v
		errors: 0, warnings: 0
	module worklib.NOR2XBX3MA10TR:v
		errors: 0, warnings: 0
	module worklib.NOR2XBX2MA10TR:v
		errors: 0, warnings: 0
	module worklib.NOR2XBX1P4MA10TR:v
		errors: 0, warnings: 0
	module worklib.NOR2XBX1MA10TR:v
		errors: 0, warnings: 0
	module worklib.NOR2XBX0P7MA10TR:v
		errors: 0, warnings: 0
	module worklib.NOR2XBX0P5MA10TR:v
		errors: 0, warnings: 0
	module worklib.NOR2BX8MA10TR:v
		errors: 0, warnings: 0
	module worklib.NOR2BX6MA10TR:v
		errors: 0, warnings: 0
	module worklib.NOR2BX4MA10TR:v
		errors: 0, warnings: 0
	module worklib.NOR2BX3MA10TR:v
		errors: 0, warnings: 0
	module worklib.NOR2BX2MA10TR:v
		errors: 0, warnings: 0
	module worklib.NOR2BX1P4MA10TR:v
		errors: 0, warnings: 0
	module worklib.NOR2BX1MA10TR:v
		errors: 0, warnings: 0
	module worklib.NOR2BX0P7MA10TR:v
		errors: 0, warnings: 0
	module worklib.NOR2BX0P5MA10TR:v
		errors: 0, warnings: 0
	module worklib.NOR2X8MA10TR:v
		errors: 0, warnings: 0
	module worklib.NOR2X8AA10TR:v
		errors: 0, warnings: 0
	module worklib.NOR2X6MA10TR:v
		errors: 0, warnings: 0
	module worklib.NOR2X6AA10TR:v
		errors: 0, warnings: 0
	module worklib.NOR2X4MA10TR:v
		errors: 0, warnings: 0
	module worklib.NOR2X4AA10TR:v
		errors: 0, warnings: 0
	module worklib.NOR2X3MA10TR:v
		errors: 0, warnings: 0
	module worklib.NOR2X3AA10TR:v
		errors: 0, warnings: 0
	module worklib.NOR2X2MA10TR:v
		errors: 0, warnings: 0
	module worklib.NOR2X2AA10TR:v
		errors: 0, warnings: 0
	module worklib.NOR2X1P4MA10TR:v
		errors: 0, warnings: 0
	module worklib.NOR2X1P4AA10TR:v
		errors: 0, warnings: 0
	module worklib.NOR2X1MA10TR:v
		errors: 0, warnings: 0
	module worklib.NOR2X1AA10TR:v
		errors: 0, warnings: 0
	module worklib.NOR2X0P7MA10TR:v
		errors: 0, warnings: 0
	module worklib.NOR2X0P7AA10TR:v
		errors: 0, warnings: 0
	module worklib.NOR2X0P5MA10TR:v
		errors: 0, warnings: 0
	module worklib.NOR2X0P5AA10TR:v
		errors: 0, warnings: 0
	module worklib.NAND4XXXBX4MA10TR:v
		errors: 0, warnings: 0
	module worklib.NAND4XXXBX3MA10TR:v
		errors: 0, warnings: 0
	module worklib.NAND4XXXBX2MA10TR:v
		errors: 0, warnings: 0
	module worklib.NAND4XXXBX1P4MA10TR:v
		errors: 0, warnings: 0
	module worklib.NAND4XXXBX1MA10TR:v
		errors: 0, warnings: 0
	module worklib.NAND4XXXBX0P7MA10TR:v
		errors: 0, warnings: 0
	module worklib.NAND4XXXBX0P5MA10TR:v
		errors: 0, warnings: 0
	module worklib.NAND4BX4MA10TR:v
		errors: 0, warnings: 0
	module worklib.NAND4BX3MA10TR:v
		errors: 0, warnings: 0
	module worklib.NAND4BX2MA10TR:v
		errors: 0, warnings: 0
	module worklib.NAND4BX1P4MA10TR:v
		errors: 0, warnings: 0
	module worklib.NAND4BX1MA10TR:v
		errors: 0, warnings: 0
	module worklib.NAND4BX0P7MA10TR:v
		errors: 0, warnings: 0
	module worklib.NAND4BX0P5MA10TR:v
		errors: 0, warnings: 0
	module worklib.NAND4X4MA10TR:v
		errors: 0, warnings: 0
	module worklib.NAND4X4AA10TR:v
		errors: 0, warnings: 0
	module worklib.NAND4X3MA10TR:v
		errors: 0, warnings: 0
	module worklib.NAND4X3AA10TR:v
		errors: 0, warnings: 0
	module worklib.NAND4X2MA10TR:v
		errors: 0, warnings: 0
	module worklib.NAND4X2AA10TR:v
		errors: 0, warnings: 0
	module worklib.NAND4X1P4MA10TR:v
		errors: 0, warnings: 0
	module worklib.NAND4X1P4AA10TR:v
		errors: 0, warnings: 0
	module worklib.NAND4X1MA10TR:v
		errors: 0, warnings: 0
	module worklib.NAND4X1AA10TR:v
		errors: 0, warnings: 0
	module worklib.NAND4X0P7MA10TR:v
		errors: 0, warnings: 0
	module worklib.NAND4X0P7AA10TR:v
		errors: 0, warnings: 0
	module worklib.NAND4X0P5MA10TR:v
		errors: 0, warnings: 0
	module worklib.NAND4X0P5AA10TR:v
		errors: 0, warnings: 0
	module worklib.NAND3XXBX6MA10TR:v
		errors: 0, warnings: 0
	module worklib.NAND3XXBX4MA10TR:v
		errors: 0, warnings: 0
	module worklib.NAND3XXBX3MA10TR:v
		errors: 0, warnings: 0
	module worklib.NAND3XXBX2MA10TR:v
		errors: 0, warnings: 0
	module worklib.NAND3XXBX1P4MA10TR:v
		errors: 0, warnings: 0
	module worklib.NAND3XXBX1MA10TR:v
		errors: 0, warnings: 0
	module worklib.NAND3XXBX0P7MA10TR:v
		errors: 0, warnings: 0
	module worklib.NAND3XXBX0P5MA10TR:v
		errors: 0, warnings: 0
	module worklib.NAND3BX6MA10TR:v
		errors: 0, warnings: 0
	module worklib.NAND3BX4MA10TR:v
		errors: 0, warnings: 0
	module worklib.NAND3BX3MA10TR:v
		errors: 0, warnings: 0
	module worklib.NAND3BX2MA10TR:v
		errors: 0, warnings: 0
	module worklib.NAND3BX1P4MA10TR:v
		errors: 0, warnings: 0
	module worklib.NAND3BX1MA10TR:v
		errors: 0, warnings: 0
	module worklib.NAND3BX0P7MA10TR:v
		errors: 0, warnings: 0
	module worklib.NAND3BX0P5MA10TR:v
		errors: 0, warnings: 0
	module worklib.NAND3X6MA10TR:v
		errors: 0, warnings: 0
	module worklib.NAND3X6AA10TR:v
		errors: 0, warnings: 0
	module worklib.NAND3X4MA10TR:v
		errors: 0, warnings: 0
	module worklib.NAND3X4AA10TR:v
		errors: 0, warnings: 0
	module worklib.NAND3X3MA10TR:v
		errors: 0, warnings: 0
	module worklib.NAND3X3AA10TR:v
		errors: 0, warnings: 0
	module worklib.NAND3X2MA10TR:v
		errors: 0, warnings: 0
	module worklib.NAND3X2AA10TR:v
		errors: 0, warnings: 0
	module worklib.NAND3X1P4MA10TR:v
		errors: 0, warnings: 0
	module worklib.NAND3X1P4AA10TR:v
		errors: 0, warnings: 0
	module worklib.NAND3X1MA10TR:v
		errors: 0, warnings: 0
	module worklib.NAND3X1AA10TR:v
		errors: 0, warnings: 0
	module worklib.NAND3X0P7MA10TR:v
		errors: 0, warnings: 0
	module worklib.NAND3X0P7AA10TR:v
		errors: 0, warnings: 0
	module worklib.NAND3X0P5MA10TR:v
		errors: 0, warnings: 0
	module worklib.NAND3X0P5AA10TR:v
		errors: 0, warnings: 0
	module worklib.NAND2XBX8MA10TR:v
		errors: 0, warnings: 0
	module worklib.NAND2XBX6MA10TR:v
		errors: 0, warnings: 0
	module worklib.NAND2XBX4MA10TR:v
		errors: 0, warnings: 0
	module worklib.NAND2XBX3MA10TR:v
		errors: 0, warnings: 0
	module worklib.NAND2XBX2MA10TR:v
		errors: 0, warnings: 0
	module worklib.NAND2XBX1P4MA10TR:v
		errors: 0, warnings: 0
	module worklib.NAND2XBX1MA10TR:v
		errors: 0, warnings: 0
	module worklib.NAND2XBX0P7MA10TR:v
		errors: 0, warnings: 0
	module worklib.NAND2XBX0P5MA10TR:v
		errors: 0, warnings: 0
	module worklib.NAND2BX8MA10TR:v
		errors: 0, warnings: 0
	module worklib.NAND2BX6MA10TR:v
		errors: 0, warnings: 0
	module worklib.NAND2BX4MA10TR:v
		errors: 0, warnings: 0
	module worklib.NAND2BX3MA10TR:v
		errors: 0, warnings: 0
	module worklib.NAND2BX2MA10TR:v
		errors: 0, warnings: 0
	module worklib.NAND2BX1P4MA10TR:v
		errors: 0, warnings: 0
	module worklib.NAND2BX1MA10TR:v
		errors: 0, warnings: 0
	module worklib.NAND2BX0P7MA10TR:v
		errors: 0, warnings: 0
	module worklib.NAND2BX0P5MA10TR:v
		errors: 0, warnings: 0
	module worklib.NAND2X8MA10TR:v
		errors: 0, warnings: 0
	module worklib.NAND2X8BA10TR:v
		errors: 0, warnings: 0
	module worklib.NAND2X8AA10TR:v
		errors: 0, warnings: 0
	module worklib.NAND2X6MA10TR:v
		errors: 0, warnings: 0
	module worklib.NAND2X6BA10TR:v
		errors: 0, warnings: 0
	module worklib.NAND2X6AA10TR:v
		errors: 0, warnings: 0
	module worklib.NAND2X4MA10TR:v
		errors: 0, warnings: 0
	module worklib.NAND2X4BA10TR:v
		errors: 0, warnings: 0
	module worklib.NAND2X4AA10TR:v
		errors: 0, warnings: 0
	module worklib.NAND2X3MA10TR:v
		errors: 0, warnings: 0
	module worklib.NAND2X3BA10TR:v
		errors: 0, warnings: 0
	module worklib.NAND2X3AA10TR:v
		errors: 0, warnings: 0
	module worklib.NAND2X2MA10TR:v
		errors: 0, warnings: 0
	module worklib.NAND2X2BA10TR:v
		errors: 0, warnings: 0
	module worklib.NAND2X2AA10TR:v
		errors: 0, warnings: 0
	module worklib.NAND2X1P4MA10TR:v
		errors: 0, warnings: 0
	module worklib.NAND2X1P4BA10TR:v
		errors: 0, warnings: 0
	module worklib.NAND2X1P4AA10TR:v
		errors: 0, warnings: 0
	module worklib.NAND2X1MA10TR:v
		errors: 0, warnings: 0
	module worklib.NAND2X1BA10TR:v
		errors: 0, warnings: 0
	module worklib.NAND2X1AA10TR:v
		errors: 0, warnings: 0
	module worklib.NAND2X0P7MA10TR:v
		errors: 0, warnings: 0
	module worklib.NAND2X0P7BA10TR:v
		errors: 0, warnings: 0
	module worklib.NAND2X0P7AA10TR:v
		errors: 0, warnings: 0
	module worklib.NAND2X0P5MA10TR:v
		errors: 0, warnings: 0
	module worklib.NAND2X0P5BA10TR:v
		errors: 0, warnings: 0
	module worklib.NAND2X0P5AA10TR:v
		errors: 0, warnings: 0
	module worklib.MXT4X3MA10TR:v
		errors: 0, warnings: 0
	module worklib.MXT4X2MA10TR:v
		errors: 0, warnings: 0
	module worklib.MXT4X1P4MA10TR:v
		errors: 0, warnings: 0
	module worklib.MXT4X1MA10TR:v
		errors: 0, warnings: 0
	module worklib.MXT4X0P7MA10TR:v
		errors: 0, warnings: 0
	module worklib.MXT4X0P5MA10TR:v
		errors: 0, warnings: 0
	module worklib.MXT2X6MA10TR:v
		errors: 0, warnings: 0
	module worklib.MXT2X4MA10TR:v
		errors: 0, warnings: 0
	module worklib.MXT2X3MA10TR:v
		errors: 0, warnings: 0
	module worklib.MXT2X2MA10TR:v
		errors: 0, warnings: 0
	module worklib.MXT2X1P4MA10TR:v
		errors: 0, warnings: 0
	module worklib.MXT2X1MA10TR:v
		errors: 0, warnings: 0
	module worklib.MXT2X0P7MA10TR:v
		errors: 0, warnings: 0
	module worklib.MXT2X0P5MA10TR:v
		errors: 0, warnings: 0
	module worklib.MXIT4X3MA10TR:v
		errors: 0, warnings: 0
	module worklib.MXIT4X2MA10TR:v
		errors: 0, warnings: 0
	module worklib.MXIT4X1P4MA10TR:v
		errors: 0, warnings: 0
	module worklib.MXIT4X1MA10TR:v
		errors: 0, warnings: 0
	module worklib.MXIT4X0P7MA10TR:v
		errors: 0, warnings: 0
	module worklib.MXIT4X0P5MA10TR:v
		errors: 0, warnings: 0
	module worklib.MXIT2X4MA10TR:v
		errors: 0, warnings: 0
	module worklib.MXIT2X3MA10TR:v
		errors: 0, warnings: 0
	module worklib.MXIT2X2MA10TR:v
		errors: 0, warnings: 0
	module worklib.MXIT2X1P4MA10TR:v
		errors: 0, warnings: 0
	module worklib.MXIT2X1MA10TR:v
		errors: 0, warnings: 0
	module worklib.MXIT2X0P7MA10TR:v
		errors: 0, warnings: 0
	module worklib.MXIT2X0P5MA10TR:v
		errors: 0, warnings: 0
	module worklib.MX2X8BA10TR:v
		errors: 0, warnings: 0
	module worklib.MX2X6MA10TR:v
		errors: 0, warnings: 0
	module worklib.MX2X6BA10TR:v
		errors: 0, warnings: 0
	module worklib.MX2X4MA10TR:v
		errors: 0, warnings: 0
	module worklib.MX2X4BA10TR:v
		errors: 0, warnings: 0
	module worklib.MX2X3MA10TR:v
		errors: 0, warnings: 0
	module worklib.MX2X3BA10TR:v
		errors: 0, warnings: 0
	module worklib.MX2X2MA10TR:v
		errors: 0, warnings: 0
	module worklib.MX2X2BA10TR:v
		errors: 0, warnings: 0
	module worklib.MX2X1P4MA10TR:v
		errors: 0, warnings: 0
	module worklib.MX2X1P4BA10TR:v
		errors: 0, warnings: 0
	module worklib.MX2X1MA10TR:v
		errors: 0, warnings: 0
	module worklib.MX2X1BA10TR:v
		errors: 0, warnings: 0
	module worklib.MX2X0P7MA10TR:v
		errors: 0, warnings: 0
	module worklib.MX2X0P7BA10TR:v
		errors: 0, warnings: 0
	module worklib.MX2X0P5MA10TR:v
		errors: 0, warnings: 0
	module worklib.MX2X0P5BA10TR:v
		errors: 0, warnings: 0
	module worklib.M2SDFFQNX3MA10TR:v
		errors: 0, warnings: 0
	module worklib.M2SDFFQNX2MA10TR:v
		errors: 0, warnings: 0
	module worklib.M2SDFFQNX1MA10TR:v
		errors: 0, warnings: 0
	module worklib.M2SDFFQNX0P5MA10TR:v
		errors: 0, warnings: 0
	module worklib.M2SDFFQX4MA10TR:v
		errors: 0, warnings: 0
	module worklib.M2SDFFQX3MA10TR:v
		errors: 0, warnings: 0
	module worklib.M2SDFFQX2MA10TR:v
		errors: 0, warnings: 0
	module worklib.M2SDFFQX1MA10TR:v
		errors: 0, warnings: 0
	module worklib.M2SDFFQX0P5MA10TR:v
		errors: 0, warnings: 0
	module worklib.M2DFFQNX3MA10TR:v
		errors: 0, warnings: 0
	module worklib.M2DFFQNX2MA10TR:v
		errors: 0, warnings: 0
	module worklib.M2DFFQNX1MA10TR:v
		errors: 0, warnings: 0
	module worklib.M2DFFQNX0P5MA10TR:v
		errors: 0, warnings: 0
	module worklib.M2DFFQX4MA10TR:v
		errors: 0, warnings: 0
	module worklib.M2DFFQX3MA10TR:v
		errors: 0, warnings: 0
	module worklib.M2DFFQX2MA10TR:v
		errors: 0, warnings: 0
	module worklib.M2DFFQX1MA10TR:v
		errors: 0, warnings: 0
	module worklib.M2DFFQX0P5MA10TR:v
		errors: 0, warnings: 0
	module worklib.LATSQNX4MA10TR:v
		errors: 0, warnings: 0
	module worklib.LATSQNX3MA10TR:v
		errors: 0, warnings: 0
	module worklib.LATSQNX2MA10TR:v
		errors: 0, warnings: 0
	module worklib.LATSQNX1MA10TR:v
		errors: 0, warnings: 0
	module worklib.LATSQNX0P5MA10TR:v
		errors: 0, warnings: 0
	module worklib.LATSPQX3MA10TR:v
		errors: 0, warnings: 0
	module worklib.LATSPQX2MA10TR:v
		errors: 0, warnings: 0
	module worklib.LATSPQX1MA10TR:v
		errors: 0, warnings: 0
	module worklib.LATSPQX0P5MA10TR:v
		errors: 0, warnings: 0
	module worklib.LATRQX3MA10TR:v
		errors: 0, warnings: 0
	module worklib.LATRQX2MA10TR:v
		errors: 0, warnings: 0
	module worklib.LATRQX1MA10TR:v
		errors: 0, warnings: 0
	module worklib.LATRQX0P5MA10TR:v
		errors: 0, warnings: 0
	module worklib.LATRPQNX4MA10TR:v
		errors: 0, warnings: 0
	module worklib.LATRPQNX3MA10TR:v
		errors: 0, warnings: 0
	module worklib.LATRPQNX2MA10TR:v
		errors: 0, warnings: 0
	module worklib.LATRPQNX1MA10TR:v
		errors: 0, warnings: 0
	module worklib.LATRPQNX0P5MA10TR:v
		errors: 0, warnings: 0
	module worklib.LATQNX4MA10TR:v
		errors: 0, warnings: 0
	module worklib.LATQNX3MA10TR:v
		errors: 0, warnings: 0
	module worklib.LATQNX2MA10TR:v
		errors: 0, warnings: 0
	module worklib.LATQNX1MA10TR:v
		errors: 0, warnings: 0
	module worklib.LATQNX0P5MA10TR:v
		errors: 0, warnings: 0
	module worklib.LATQX3MA10TR:v
		errors: 0, warnings: 0
	module worklib.LATQX2MA10TR:v
		errors: 0, warnings: 0
	module worklib.LATQX1MA10TR:v
		errors: 0, warnings: 0
	module worklib.LATQX0P5MA10TR:v
		errors: 0, warnings: 0
	module worklib.LATNSQNX4MA10TR:v
		errors: 0, warnings: 0
	module worklib.LATNSQNX3MA10TR:v
		errors: 0, warnings: 0
	module worklib.LATNSQNX2MA10TR:v
		errors: 0, warnings: 0
	module worklib.LATNSQNX1MA10TR:v
		errors: 0, warnings: 0
	module worklib.LATNSQNX0P5MA10TR:v
		errors: 0, warnings: 0
	module worklib.LATNSPQX3MA10TR:v
		errors: 0, warnings: 0
	module worklib.LATNSPQX2MA10TR:v
		errors: 0, warnings: 0
	module worklib.LATNSPQX1MA10TR:v
		errors: 0, warnings: 0
	module worklib.LATNSPQX0P5MA10TR:v
		errors: 0, warnings: 0
	module worklib.LATNRQX3MA10TR:v
		errors: 0, warnings: 0
	module worklib.LATNRQX2MA10TR:v
		errors: 0, warnings: 0
	module worklib.LATNRQX1MA10TR:v
		errors: 0, warnings: 0
	module worklib.LATNRQX0P5MA10TR:v
		errors: 0, warnings: 0
	module worklib.LATNRPQNX4MA10TR:v
		errors: 0, warnings: 0
	module worklib.LATNRPQNX3MA10TR:v
		errors: 0, warnings: 0
	module worklib.LATNRPQNX2MA10TR:v
		errors: 0, warnings: 0
	module worklib.LATNRPQNX1MA10TR:v
		errors: 0, warnings: 0
	module worklib.LATNRPQNX0P5MA10TR:v
		errors: 0, warnings: 0
	module worklib.LATNQNX4MA10TR:v
		errors: 0, warnings: 0
	module worklib.LATNQNX3MA10TR:v
		errors: 0, warnings: 0
	module worklib.LATNQNX2MA10TR:v
		errors: 0, warnings: 0
	module worklib.LATNQNX1MA10TR:v
		errors: 0, warnings: 0
	module worklib.LATNQNX0P5MA10TR:v
		errors: 0, warnings: 0
	module worklib.LATNQX3MA10TR:v
		errors: 0, warnings: 0
	module worklib.LATNQX2MA10TR:v
		errors: 0, warnings: 0
	module worklib.LATNQX1MA10TR:v
		errors: 0, warnings: 0
	module worklib.LATNQX0P5MA10TR:v
		errors: 0, warnings: 0
	module worklib.INVX9MA10TR:v
		errors: 0, warnings: 0
	module worklib.INVX9BA10TR:v
		errors: 0, warnings: 0
	module worklib.INVX7P5MA10TR:v
		errors: 0, warnings: 0
	module worklib.INVX7P5BA10TR:v
		errors: 0, warnings: 0
	module worklib.INVX6MA10TR:v
		errors: 0, warnings: 0
	module worklib.INVX6BA10TR:v
		errors: 0, warnings: 0
	module worklib.INVX5MA10TR:v
		errors: 0, warnings: 0
	module worklib.INVX5BA10TR:v
		errors: 0, warnings: 0
	module worklib.INVX4MA10TR:v
		errors: 0, warnings: 0
	module worklib.INVX4BA10TR:v
		errors: 0, warnings: 0
	module worklib.INVX3P5MA10TR:v
		errors: 0, warnings: 0
	module worklib.INVX3P5BA10TR:v
		errors: 0, warnings: 0
	module worklib.INVX3MA10TR:v
		errors: 0, warnings: 0
	module worklib.INVX3BA10TR:v
		errors: 0, warnings: 0
	module worklib.INVX2P5MA10TR:v
		errors: 0, warnings: 0
	module worklib.INVX2P5BA10TR:v
		errors: 0, warnings: 0
	module worklib.INVX2MA10TR:v
		errors: 0, warnings: 0
	module worklib.INVX2BA10TR:v
		errors: 0, warnings: 0
	module worklib.INVX1P7MA10TR:v
		errors: 0, warnings: 0
	module worklib.INVX1P7BA10TR:v
		errors: 0, warnings: 0
	module worklib.INVX1P4MA10TR:v
		errors: 0, warnings: 0
	module worklib.INVX1P4BA10TR:v
		errors: 0, warnings: 0
	module worklib.INVX1P2MA10TR:v
		errors: 0, warnings: 0
	module worklib.INVX1P2BA10TR:v
		errors: 0, warnings: 0
	module worklib.INVX1MA10TR:v
		errors: 0, warnings: 0
	module worklib.INVX1BA10TR:v
		errors: 0, warnings: 0
	module worklib.INVX16MA10TR:v
		errors: 0, warnings: 0
	module worklib.INVX16BA10TR:v
		errors: 0, warnings: 0
	module worklib.INVX13MA10TR:v
		errors: 0, warnings: 0
	module worklib.INVX13BA10TR:v
		errors: 0, warnings: 0
	module worklib.INVX11MA10TR:v
		errors: 0, warnings: 0
	module worklib.INVX11BA10TR:v
		errors: 0, warnings: 0
	module worklib.INVX0P8MA10TR:v
		errors: 0, warnings: 0
	module worklib.INVX0P8BA10TR:v
		errors: 0, warnings: 0
	module worklib.INVX0P7MA10TR:v
		errors: 0, warnings: 0
	module worklib.INVX0P7BA10TR:v
		errors: 0, warnings: 0
	module worklib.INVX0P6MA10TR:v
		errors: 0, warnings: 0
	module worklib.INVX0P6BA10TR:v
		errors: 0, warnings: 0
	module worklib.INVX0P5MA10TR:v
		errors: 0, warnings: 0
	module worklib.INVX0P5BA10TR:v
		errors: 0, warnings: 0
	module worklib.FRICGX9BA10TR:v
		errors: 0, warnings: 0
	module worklib.FRICGX7P5BA10TR:v
		errors: 0, warnings: 0
	module worklib.FRICGX6BA10TR:v
		errors: 0, warnings: 0
	module worklib.FRICGX5BA10TR:v
		errors: 0, warnings: 0
	module worklib.FRICGX4BA10TR:v
		errors: 0, warnings: 0
	module worklib.FRICGX3P5BA10TR:v
		errors: 0, warnings: 0
	module worklib.FRICGX3BA10TR:v
		errors: 0, warnings: 0
	module worklib.FRICGX2P5BA10TR:v
		errors: 0, warnings: 0
	module worklib.FRICGX2BA10TR:v
		errors: 0, warnings: 0
	module worklib.FRICGX1P7BA10TR:v
		errors: 0, warnings: 0
	module worklib.FRICGX1P4BA10TR:v
		errors: 0, warnings: 0
	module worklib.FRICGX1P2BA10TR:v
		errors: 0, warnings: 0
	module worklib.FRICGX1BA10TR:v
		errors: 0, warnings: 0
	module worklib.FRICGX16BA10TR:v
		errors: 0, warnings: 0
	module worklib.FRICGX13BA10TR:v
		errors: 0, warnings: 0
	module worklib.FRICGX11BA10TR:v
		errors: 0, warnings: 0
	module worklib.FRICGX0P8BA10TR:v
		errors: 0, warnings: 0
	module worklib.FRICGX0P7BA10TR:v
		errors: 0, warnings: 0
	module worklib.FRICGX0P6BA10TR:v
		errors: 0, warnings: 0
	module worklib.FRICGX0P5BA10TR:v
		errors: 0, warnings: 0
	module worklib.ESDFFQNX3MA10TR:v
		errors: 0, warnings: 0
	module worklib.ESDFFQNX2MA10TR:v
		errors: 0, warnings: 0
	module worklib.ESDFFQNX1MA10TR:v
		errors: 0, warnings: 0
	module worklib.ESDFFQNX0P5MA10TR:v
		errors: 0, warnings: 0
	module worklib.ESDFFQX3MA10TR:v
		errors: 0, warnings: 0
	module worklib.ESDFFQX2MA10TR:v
		errors: 0, warnings: 0
	module worklib.ESDFFQX1MA10TR:v
		errors: 0, warnings: 0
	module worklib.ESDFFQX0P5MA10TR:v
		errors: 0, warnings: 0
	module worklib.EDFFQNX3MA10TR:v
		errors: 0, warnings: 0
	module worklib.EDFFQNX2MA10TR:v
		errors: 0, warnings: 0
	module worklib.EDFFQNX1MA10TR:v
		errors: 0, warnings: 0
	module worklib.EDFFQNX0P5MA10TR:v
		errors: 0, warnings: 0
	module worklib.EDFFQX3MA10TR:v
		errors: 0, warnings: 0
	module worklib.EDFFQX2MA10TR:v
		errors: 0, warnings: 0
	module worklib.EDFFQX1MA10TR:v
		errors: 0, warnings: 0
	module worklib.EDFFQX0P5MA10TR:v
		errors: 0, warnings: 0
	module worklib.DLY4X0P5MA10TR:v
		errors: 0, warnings: 0
	module worklib.DLY2X0P5MA10TR:v
		errors: 0, warnings: 0
	module worklib.DFFYQX4MA10TR:v
		errors: 0, warnings: 0
	module worklib.DFFYQX3MA10TR:v
		errors: 0, warnings: 0
	module worklib.DFFYQX2MA10TR:v
		errors: 0, warnings: 0
	module worklib.DFFYQX1MA10TR:v
		errors: 0, warnings: 0
	module worklib.DFFSRPQX4MA10TR:v
		errors: 0, warnings: 0
	module worklib.DFFSRPQX3MA10TR:v
		errors: 0, warnings: 0
	module worklib.DFFSRPQX2MA10TR:v
		errors: 0, warnings: 0
	module worklib.DFFSRPQX1MA10TR:v
		errors: 0, warnings: 0
	module worklib.DFFSRPQX0P5MA10TR:v
		errors: 0, warnings: 0
	module worklib.DFFSQNX3MA10TR:v
		errors: 0, warnings: 0
	module worklib.DFFSQNX2MA10TR:v
		errors: 0, warnings: 0
	module worklib.DFFSQNX1MA10TR:v
		errors: 0, warnings: 0
	module worklib.DFFSQNX0P5MA10TR:v
		errors: 0, warnings: 0
	module worklib.DFFSQX4MA10TR:v
		errors: 0, warnings: 0
	module worklib.DFFSQX3MA10TR:v
		errors: 0, warnings: 0
	module worklib.DFFSQX2MA10TR:v
		errors: 0, warnings: 0
	module worklib.DFFSQX1MA10TR:v
		errors: 0, warnings: 0
	module worklib.DFFSQX0P5MA10TR:v
		errors: 0, warnings: 0
	module worklib.DFFRPQNX3MA10TR:v
		errors: 0, warnings: 0
	module worklib.DFFRPQNX2MA10TR:v
		errors: 0, warnings: 0
	module worklib.DFFRPQNX1MA10TR:v
		errors: 0, warnings: 0
	module worklib.DFFRPQNX0P5MA10TR:v
		errors: 0, warnings: 0
	module worklib.DFFRPQX4MA10TR:v
		errors: 0, warnings: 0
	module worklib.DFFRPQX3MA10TR:v
		errors: 0, warnings: 0
	module worklib.DFFRPQX2MA10TR:v
		errors: 0, warnings: 0
	module worklib.DFFRPQX1MA10TR:v
		errors: 0, warnings: 0
	module worklib.DFFRPQX0P5MA10TR:v
		errors: 0, warnings: 0
	module worklib.DFFQNX3MA10TR:v
		errors: 0, warnings: 0
	module worklib.DFFQNX2MA10TR:v
		errors: 0, warnings: 0
	module worklib.DFFQNX1MA10TR:v
		errors: 0, warnings: 0
	module worklib.DFFQNX0P5MA10TR:v
		errors: 0, warnings: 0
	module worklib.DFFQX4MA10TR:v
		errors: 0, warnings: 0
	module worklib.DFFQX3MA10TR:v
		errors: 0, warnings: 0
	module worklib.DFFQX2MA10TR:v
		errors: 0, warnings: 0
	module worklib.DFFQX1MA10TR:v
		errors: 0, warnings: 0
	module worklib.DFFQX0P5MA10TR:v
		errors: 0, warnings: 0
	module worklib.DFFNSRPQX3MA10TR:v
		errors: 0, warnings: 0
	module worklib.DFFNSRPQX2MA10TR:v
		errors: 0, warnings: 0
	module worklib.DFFNSRPQX1MA10TR:v
		errors: 0, warnings: 0
	module worklib.DFFNSQX3MA10TR:v
		errors: 0, warnings: 0
	module worklib.DFFNSQX2MA10TR:v
		errors: 0, warnings: 0
	module worklib.DFFNSQX1MA10TR:v
		errors: 0, warnings: 0
	module worklib.DFFNRPQX3MA10TR:v
		errors: 0, warnings: 0
	module worklib.DFFNRPQX2MA10TR:v
		errors: 0, warnings: 0
	module worklib.DFFNRPQX1MA10TR:v
		errors: 0, warnings: 0
	module worklib.DFFNQX3MA10TR:v
		errors: 0, warnings: 0
	module worklib.DFFNQX2MA10TR:v
		errors: 0, warnings: 0
	module worklib.DFFNQX1MA10TR:v
		errors: 0, warnings: 0
	module worklib.BUFZX8MA10TR:v
		errors: 0, warnings: 0
	module worklib.BUFZX6MA10TR:v
		errors: 0, warnings: 0
	module worklib.BUFZX4MA10TR:v
		errors: 0, warnings: 0
	module worklib.BUFZX3MA10TR:v
		errors: 0, warnings: 0
	module worklib.BUFZX2MA10TR:v
		errors: 0, warnings: 0
	module worklib.BUFZX1P4MA10TR:v
		errors: 0, warnings: 0
	module worklib.BUFZX1MA10TR:v
		errors: 0, warnings: 0
	module worklib.BUFZX16MA10TR:v
		errors: 0, warnings: 0
	module worklib.BUFZX11MA10TR:v
		errors: 0, warnings: 0
	module worklib.BUFHX9MA10TR:v
		errors: 0, warnings: 0
	module worklib.BUFHX7P5MA10TR:v
		errors: 0, warnings: 0
	module worklib.BUFHX6MA10TR:v
		errors: 0, warnings: 0
	module worklib.BUFHX5MA10TR:v
		errors: 0, warnings: 0
	module worklib.BUFHX4MA10TR:v
		errors: 0, warnings: 0
	module worklib.BUFHX3P5MA10TR:v
		errors: 0, warnings: 0
	module worklib.BUFHX3MA10TR:v
		errors: 0, warnings: 0
	module worklib.BUFHX2P5MA10TR:v
		errors: 0, warnings: 0
	module worklib.BUFHX2MA10TR:v
		errors: 0, warnings: 0
	module worklib.BUFHX1P7MA10TR:v
		errors: 0, warnings: 0
	module worklib.BUFHX1P4MA10TR:v
		errors: 0, warnings: 0
	module worklib.BUFHX1P2MA10TR:v
		errors: 0, warnings: 0
	module worklib.BUFHX1MA10TR:v
		errors: 0, warnings: 0
	module worklib.BUFHX16MA10TR:v
		errors: 0, warnings: 0
	module worklib.BUFHX13MA10TR:v
		errors: 0, warnings: 0
	module worklib.BUFHX11MA10TR:v
		errors: 0, warnings: 0
	module worklib.BUFHX0P8MA10TR:v
		errors: 0, warnings: 0
	module worklib.BUFHX0P7MA10TR:v
		errors: 0, warnings: 0
	module worklib.BUFX9MA10TR:v
		errors: 0, warnings: 0
	module worklib.BUFX9BA10TR:v
		errors: 0, warnings: 0
	module worklib.BUFX7P5MA10TR:v
		errors: 0, warnings: 0
	module worklib.BUFX7P5BA10TR:v
		errors: 0, warnings: 0
	module worklib.BUFX6MA10TR:v
		errors: 0, warnings: 0
	module worklib.BUFX6BA10TR:v
		errors: 0, warnings: 0
	module worklib.BUFX5MA10TR:v
		errors: 0, warnings: 0
	module worklib.BUFX5BA10TR:v
		errors: 0, warnings: 0
	module worklib.BUFX4MA10TR:v
		errors: 0, warnings: 0
	module worklib.BUFX4BA10TR:v
		errors: 0, warnings: 0
	module worklib.BUFX3P5MA10TR:v
		errors: 0, warnings: 0
	module worklib.BUFX3P5BA10TR:v
		errors: 0, warnings: 0
	module worklib.BUFX3MA10TR:v
		errors: 0, warnings: 0
	module worklib.BUFX3BA10TR:v
		errors: 0, warnings: 0
	module worklib.BUFX2P5MA10TR:v
		errors: 0, warnings: 0
	module worklib.BUFX2P5BA10TR:v
		errors: 0, warnings: 0
	module worklib.BUFX2MA10TR:v
		errors: 0, warnings: 0
	module worklib.BUFX2BA10TR:v
		errors: 0, warnings: 0
	module worklib.BUFX1P7MA10TR:v
		errors: 0, warnings: 0
	module worklib.BUFX1P7BA10TR:v
		errors: 0, warnings: 0
	module worklib.BUFX1P4MA10TR:v
		errors: 0, warnings: 0
	module worklib.BUFX1P4BA10TR:v
		errors: 0, warnings: 0
	module worklib.BUFX1P2MA10TR:v
		errors: 0, warnings: 0
	module worklib.BUFX1P2BA10TR:v
		errors: 0, warnings: 0
	module worklib.BUFX1MA10TR:v
		errors: 0, warnings: 0
	module worklib.BUFX1BA10TR:v
		errors: 0, warnings: 0
	module worklib.BUFX16MA10TR:v
		errors: 0, warnings: 0
	module worklib.BUFX16BA10TR:v
		errors: 0, warnings: 0
	module worklib.BUFX13MA10TR:v
		errors: 0, warnings: 0
	module worklib.BUFX13BA10TR:v
		errors: 0, warnings: 0
	module worklib.BUFX11MA10TR:v
		errors: 0, warnings: 0
	module worklib.BUFX11BA10TR:v
		errors: 0, warnings: 0
	module worklib.BUFX0P8MA10TR:v
		errors: 0, warnings: 0
	module worklib.BUFX0P8BA10TR:v
		errors: 0, warnings: 0
	module worklib.BUFX0P7MA10TR:v
		errors: 0, warnings: 0
	module worklib.BUFX0P7BA10TR:v
		errors: 0, warnings: 0
	module worklib.AOI32X6MA10TR:v
		errors: 0, warnings: 0
	module worklib.AOI32X4MA10TR:v
		errors: 0, warnings: 0
	module worklib.AOI32X3MA10TR:v
		errors: 0, warnings: 0
	module worklib.AOI32X2MA10TR:v
		errors: 0, warnings: 0
	module worklib.AOI32X1P4MA10TR:v
		errors: 0, warnings: 0
	module worklib.AOI32X1MA10TR:v
		errors: 0, warnings: 0
	module worklib.AOI32X0P7MA10TR:v
		errors: 0, warnings: 0
	module worklib.AOI32X0P5MA10TR:v
		errors: 0, warnings: 0
	module worklib.AOI31X6MA10TR:v
		errors: 0, warnings: 0
	module worklib.AOI31X4MA10TR:v
		errors: 0, warnings: 0
	module worklib.AOI31X3MA10TR:v
		errors: 0, warnings: 0
	module worklib.AOI31X2MA10TR:v
		errors: 0, warnings: 0
	module worklib.AOI31X1P4MA10TR:v
		errors: 0, warnings: 0
	module worklib.AOI31X1MA10TR:v
		errors: 0, warnings: 0
	module worklib.AOI31X0P7MA10TR:v
		errors: 0, warnings: 0
	module worklib.AOI31X0P5MA10TR:v
		errors: 0, warnings: 0
	module worklib.AOI2XB1X8MA10TR:v
		errors: 0, warnings: 0
	module worklib.AOI2XB1X6MA10TR:v
		errors: 0, warnings: 0
	module worklib.AOI2XB1X4MA10TR:v
		errors: 0, warnings: 0
	module worklib.AOI2XB1X3MA10TR:v
		errors: 0, warnings: 0
	module worklib.AOI2XB1X2MA10TR:v
		errors: 0, warnings: 0
	module worklib.AOI2XB1X1P4MA10TR:v
		errors: 0, warnings: 0
	module worklib.AOI2XB1X1MA10TR:v
		errors: 0, warnings: 0
	module worklib.AOI2XB1X0P7MA10TR:v
		errors: 0, warnings: 0
	module worklib.AOI2XB1X0P5MA10TR:v
		errors: 0, warnings: 0
	module worklib.AOI22X8MA10TR:v
		errors: 0, warnings: 0
	module worklib.AOI22X6MA10TR:v
		errors: 0, warnings: 0
	module worklib.AOI22X4MA10TR:v
		errors: 0, warnings: 0
	module worklib.AOI22X3MA10TR:v
		errors: 0, warnings: 0
	module worklib.AOI22X2MA10TR:v
		errors: 0, warnings: 0
	module worklib.AOI22X1P4MA10TR:v
		errors: 0, warnings: 0
	module worklib.AOI22X1MA10TR:v
		errors: 0, warnings: 0
	module worklib.AOI22X0P7MA10TR:v
		errors: 0, warnings: 0
	module worklib.AOI22X0P5MA10TR:v
		errors: 0, warnings: 0
	module worklib.AOI222X4MA10TR:v
		errors: 0, warnings: 0
	module worklib.AOI222X3MA10TR:v
		errors: 0, warnings: 0
	module worklib.AOI222X2MA10TR:v
		errors: 0, warnings: 0
	module worklib.AOI222X1P4MA10TR:v
		errors: 0, warnings: 0
	module worklib.AOI222X1MA10TR:v
		errors: 0, warnings: 0
	module worklib.AOI222X0P7MA10TR:v
		errors: 0, warnings: 0
	module worklib.AOI222X0P5MA10TR:v
		errors: 0, warnings: 0
	module worklib.AOI221X4MA10TR:v
		errors: 0, warnings: 0
	module worklib.AOI221X3MA10TR:v
		errors: 0, warnings: 0
	module worklib.AOI221X2MA10TR:v
		errors: 0, warnings: 0
	module worklib.AOI221X1P4MA10TR:v
		errors: 0, warnings: 0
	module worklib.AOI221X1MA10TR:v
		errors: 0, warnings: 0
	module worklib.AOI221X0P7MA10TR:v
		errors: 0, warnings: 0
	module worklib.AOI221X0P5MA10TR:v
		errors: 0, warnings: 0
	module worklib.AOI21BX8MA10TR:v
		errors: 0, warnings: 0
	module worklib.AOI21BX6MA10TR:v
		errors: 0, warnings: 0
	module worklib.AOI21BX4MA10TR:v
		errors: 0, warnings: 0
	module worklib.AOI21BX3MA10TR:v
		errors: 0, warnings: 0
	module worklib.AOI21BX2MA10TR:v
		errors: 0, warnings: 0
	module worklib.AOI21BX1P4MA10TR:v
		errors: 0, warnings: 0
	module worklib.AOI21BX1MA10TR:v
		errors: 0, warnings: 0
	module worklib.AOI21BX0P7MA10TR:v
		errors: 0, warnings: 0
	module worklib.AOI21BX0P5MA10TR:v
		errors: 0, warnings: 0
	module worklib.AOI21X8MA10TR:v
		errors: 0, warnings: 0
	module worklib.AOI21X6MA10TR:v
		errors: 0, warnings: 0
	module worklib.AOI21X4MA10TR:v
		errors: 0, warnings: 0
	module worklib.AOI21X3MA10TR:v
		errors: 0, warnings: 0
	module worklib.AOI21X2MA10TR:v
		errors: 0, warnings: 0
	module worklib.AOI21X1P4MA10TR:v
		errors: 0, warnings: 0
	module worklib.AOI21X1MA10TR:v
		errors: 0, warnings: 0
	module worklib.AOI21X0P7MA10TR:v
		errors: 0, warnings: 0
	module worklib.AOI21X0P5MA10TR:v
		errors: 0, warnings: 0
	module worklib.AOI211X4MA10TR:v
		errors: 0, warnings: 0
	module worklib.AOI211X3MA10TR:v
		errors: 0, warnings: 0
	module worklib.AOI211X2MA10TR:v
		errors: 0, warnings: 0
	module worklib.AOI211X1P4MA10TR:v
		errors: 0, warnings: 0
	module worklib.AOI211X1MA10TR:v
		errors: 0, warnings: 0
	module worklib.AOI211X0P7MA10TR:v
		errors: 0, warnings: 0
	module worklib.AOI211X0P5MA10TR:v
		errors: 0, warnings: 0
	module worklib.AO22X6MA10TR:v
		errors: 0, warnings: 0
	module worklib.AO22X4MA10TR:v
		errors: 0, warnings: 0
	module worklib.AO22X3MA10TR:v
		errors: 0, warnings: 0
	module worklib.AO22X2MA10TR:v
		errors: 0, warnings: 0
	module worklib.AO22X1P4MA10TR:v
		errors: 0, warnings: 0
	module worklib.AO22X1MA10TR:v
		errors: 0, warnings: 0
	module worklib.AO22X0P7MA10TR:v
		errors: 0, warnings: 0
	module worklib.AO22X0P5MA10TR:v
		errors: 0, warnings: 0
	module worklib.AO21BX6MA10TR:v
		errors: 0, warnings: 0
	module worklib.AO21BX4MA10TR:v
		errors: 0, warnings: 0
	module worklib.AO21BX3MA10TR:v
		errors: 0, warnings: 0
	module worklib.AO21BX2MA10TR:v
		errors: 0, warnings: 0
	module worklib.AO21BX1P4MA10TR:v
		errors: 0, warnings: 0
	module worklib.AO21BX1MA10TR:v
		errors: 0, warnings: 0
	module worklib.AO21BX0P7MA10TR:v
		errors: 0, warnings: 0
	module worklib.AO21BX0P5MA10TR:v
		errors: 0, warnings: 0
	module worklib.AO21X6MA10TR:v
		errors: 0, warnings: 0
	module worklib.AO21X4MA10TR:v
		errors: 0, warnings: 0
	module worklib.AO21X3MA10TR:v
		errors: 0, warnings: 0
	module worklib.AO21X2MA10TR:v
		errors: 0, warnings: 0
	module worklib.AO21X1P4MA10TR:v
		errors: 0, warnings: 0
	module worklib.AO21X1MA10TR:v
		errors: 0, warnings: 0
	module worklib.AO21X0P7MA10TR:v
		errors: 0, warnings: 0
	module worklib.AO21X0P5MA10TR:v
		errors: 0, warnings: 0
	module worklib.AO1B2X6MA10TR:v
		errors: 0, warnings: 0
	module worklib.AO1B2X4MA10TR:v
		errors: 0, warnings: 0
	module worklib.AO1B2X3MA10TR:v
		errors: 0, warnings: 0
	module worklib.AO1B2X2MA10TR:v
		errors: 0, warnings: 0
	module worklib.AO1B2X1P4MA10TR:v
		errors: 0, warnings: 0
	module worklib.AO1B2X1MA10TR:v
		errors: 0, warnings: 0
	module worklib.AO1B2X0P7MA10TR:v
		errors: 0, warnings: 0
	module worklib.AO1B2X0P5MA10TR:v
		errors: 0, warnings: 0
	module worklib.AND4X8MA10TR:v
		errors: 0, warnings: 0
	module worklib.AND4X6MA10TR:v
		errors: 0, warnings: 0
	module worklib.AND4X4MA10TR:v
		errors: 0, warnings: 0
	module worklib.AND4X3MA10TR:v
		errors: 0, warnings: 0
	module worklib.AND4X2MA10TR:v
		errors: 0, warnings: 0
	module worklib.AND4X1P4MA10TR:v
		errors: 0, warnings: 0
	module worklib.AND4X1MA10TR:v
		errors: 0, warnings: 0
	module worklib.AND4X0P7MA10TR:v
		errors: 0, warnings: 0
	module worklib.AND4X0P5MA10TR:v
		errors: 0, warnings: 0
	module worklib.AND3X8MA10TR:v
		errors: 0, warnings: 0
	module worklib.AND3X6MA10TR:v
		errors: 0, warnings: 0
	module worklib.AND3X4MA10TR:v
		errors: 0, warnings: 0
	module worklib.AND3X3MA10TR:v
		errors: 0, warnings: 0
	module worklib.AND3X2MA10TR:v
		errors: 0, warnings: 0
	module worklib.AND3X1P4MA10TR:v
		errors: 0, warnings: 0
	module worklib.AND3X1MA10TR:v
		errors: 0, warnings: 0
	module worklib.AND3X11MA10TR:v
		errors: 0, warnings: 0
	module worklib.AND3X0P7MA10TR:v
		errors: 0, warnings: 0
	module worklib.AND3X0P5MA10TR:v
		errors: 0, warnings: 0
	module worklib.AND2X8MA10TR:v
		errors: 0, warnings: 0
	module worklib.AND2X6MA10TR:v
		errors: 0, warnings: 0
	module worklib.AND2X4MA10TR:v
		errors: 0, warnings: 0
	module worklib.AND2X3MA10TR:v
		errors: 0, warnings: 0
	module worklib.AND2X2MA10TR:v
		errors: 0, warnings: 0
	module worklib.AND2X1P4MA10TR:v
		errors: 0, warnings: 0
	module worklib.AND2X1MA10TR:v
		errors: 0, warnings: 0
	module worklib.AND2X11MA10TR:v
		errors: 0, warnings: 0
	module worklib.AND2X0P7MA10TR:v
		errors: 0, warnings: 0
	module worklib.AND2X0P5MA10TR:v
		errors: 0, warnings: 0
	module worklib.ADDHX2MA10TR:v
		errors: 0, warnings: 0
	module worklib.ADDHX1P4MA10TR:v
		errors: 0, warnings: 0
	module worklib.ADDHX1MA10TR:v
		errors: 0, warnings: 0
	module worklib.ADDFX2MA10TR:v
		errors: 0, warnings: 0
	module worklib.ADDFX1P4MA10TR:v
		errors: 0, warnings: 0
	module worklib.ADDFX1MA10TR:v
		errors: 0, warnings: 0
	module worklib.A2SDFFQNX3MA10TR:v
		errors: 0, warnings: 0
	module worklib.A2SDFFQNX2MA10TR:v
		errors: 0, warnings: 0
	module worklib.A2SDFFQNX1MA10TR:v
		errors: 0, warnings: 0
	module worklib.A2SDFFQNX0P5MA10TR:v
		errors: 0, warnings: 0
	module worklib.A2SDFFQX4MA10TR:v
		errors: 0, warnings: 0
	module worklib.A2SDFFQX3MA10TR:v
		errors: 0, warnings: 0
	module worklib.A2SDFFQX2MA10TR:v
		errors: 0, warnings: 0
	module worklib.A2SDFFQX1MA10TR:v
		errors: 0, warnings: 0
	module worklib.A2SDFFQX0P5MA10TR:v
		errors: 0, warnings: 0
	module worklib.A2DFFQNX3MA10TR:v
		errors: 0, warnings: 0
	module worklib.A2DFFQNX2MA10TR:v
		errors: 0, warnings: 0
	module worklib.A2DFFQNX1MA10TR:v
		errors: 0, warnings: 0
	module worklib.A2DFFQNX0P5MA10TR:v
		errors: 0, warnings: 0
	module worklib.A2DFFQX4MA10TR:v
		errors: 0, warnings: 0
	module worklib.A2DFFQX3MA10TR:v
		errors: 0, warnings: 0
	module worklib.A2DFFQX2MA10TR:v
		errors: 0, warnings: 0
	module worklib.A2DFFQX1MA10TR:v
		errors: 0, warnings: 0
	module worklib.A2DFFQX0P5MA10TR:v
		errors: 0, warnings: 0
	primitive worklib.udp_plat:v
		errors: 0, warnings: 0
	primitive worklib.udp_tlat:v
		errors: 0, warnings: 0
	primitive worklib.udp_wao:v
		errors: 0, warnings: 0
	primitive worklib.udp_sedff:v
		errors: 0, warnings: 0
	primitive worklib.udp_mux:v
		errors: 0, warnings: 0
	primitive worklib.udp_edff:v
		errors: 0, warnings: 0
	primitive worklib.udp_outrf:v
		errors: 0, warnings: 0
	primitive worklib.udp_dff:v
		errors: 0, warnings: 0
	primitive worklib.udp_mux2:v
		errors: 0, warnings: 0
	primitive worklib.udp_tlatrf:v
		errors: 0, warnings: 0
	primitive worklib.udp_mux4:v
		errors: 0, warnings: 0
	Total errors/warnings found outside modules and primitives:
		errors: 0, warnings: 1
DEFINE hfaroo9_test /home/hfaroo9/virt-test/hfaroo9_test
|
xmverilog: *W,DLCPTH (./cds.lib,2): cds.lib Invalid path '/home/hfaroo9/virt-test/hfaroo9_test' (cds.lib command ignored).
DEFINE hfaroo9_test /home/hfaroo9/virt-test/hfaroo9_test
|
xmverilog: *W,DLCPTH (./cds.lib,2): cds.lib Invalid path '/home/hfaroo9/virt-test/hfaroo9_test' (cds.lib command ignored).
DEFINE hfaroo9_test /home/hfaroo9/virt-test/hfaroo9_test
|
xmelab: *W,DLCPTH (./cds.lib,2): cds.lib Invalid path '/home/hfaroo9/virt-test/hfaroo9_test' (cds.lib command ignored).
		Caching library 'worklib' ....... Done
	Elaborating the design hierarchy:
	Building instance overlay tables: .................... Done
	Generating native compiled code:
DEFINE hfaroo9_test /home/hfaroo9/virt-test/hfaroo9_test
|
xmvlog_cg: *W,DLCPTH (./cds.lib,2): cds.lib Invalid path '/home/hfaroo9/virt-test/hfaroo9_test' (cds.lib command ignored).
		worklib.A2DFFQX0P5MA10TR:v <0x6085bdb9>
			streams:   0, words:     0
		worklib.A2DFFQX1MA10TR:v <0x0ada3fed>
			streams:   0, words:     0
		worklib.A2DFFQX2MA10TR:v <0x3acbead6>
			streams:   0, words:     0
		worklib.A2DFFQX3MA10TR:v <0x553b59c0>
			streams:   0, words:     0
		worklib.A2DFFQX4MA10TR:v <0x019946e0>
			streams:   0, words:     0
		worklib.A2DFFQNX0P5MA10TR:v <0x400bb27b>
			streams:   0, words:     0
		worklib.A2DFFQNX1MA10TR:v <0x58bb5a12>
			streams:   0, words:     0
		worklib.A2DFFQNX2MA10TR:v <0x740c6f44>
			streams:   0, words:     0
		worklib.A2DFFQNX3MA10TR:v <0x34f6fd69>
			streams:   0, words:     0
		worklib.A2SDFFQX0P5MA10TR:v <0x132b18bb>
			streams:   0, words:     0
		worklib.A2SDFFQX1MA10TR:v <0x51fb6df0>
			streams:   0, words:     0
		worklib.A2SDFFQX2MA10TR:v <0x133c141f>
			streams:   0, words:     0
		worklib.A2SDFFQX3MA10TR:v <0x40c64065>
			streams:   0, words:     0
		worklib.A2SDFFQX4MA10TR:v <0x16b2e7c0>
			streams:   0, words:     0
		worklib.A2SDFFQNX0P5MA10TR:v <0x03c1512f>
			streams:   0, words:     0
		worklib.A2SDFFQNX1MA10TR:v <0x422e5167>
			streams:   0, words:     0
		worklib.A2SDFFQNX2MA10TR:v <0x350c4e31>
			streams:   0, words:     0
		worklib.A2SDFFQNX3MA10TR:v <0x67edbb03>
			streams:   0, words:     0
		worklib.ADDFX1MA10TR:v <0x07d11d42>
			streams:   0, words:     0
		worklib.ADDFX1P4MA10TR:v <0x7b6dac63>
			streams:   0, words:     0
		worklib.ADDFX2MA10TR:v <0x79c7d59a>
			streams:   0, words:     0
		worklib.ADDHX1MA10TR:v <0x1dab1250>
			streams:   0, words:     0
		worklib.ADDHX1P4MA10TR:v <0x4e3e20f6>
			streams:   0, words:     0
		worklib.ADDHX2MA10TR:v <0x1cf2c544>
			streams:   0, words:     0
		worklib.AO1B2X0P5MA10TR:v <0x5ea72e6f>
			streams:   0, words:     0
		worklib.AO1B2X0P7MA10TR:v <0x54f74f5b>
			streams:   0, words:     0
		worklib.AO1B2X1MA10TR:v <0x52c44d59>
			streams:   0, words:     0
		worklib.AO1B2X1P4MA10TR:v <0x5d064691>
			streams:   0, words:     0
		worklib.AO1B2X2MA10TR:v <0x3a80a4ac>
			streams:   0, words:     0
		worklib.AO1B2X3MA10TR:v <0x0f047f20>
			streams:   0, words:     0
		worklib.AO1B2X4MA10TR:v <0x31787106>
			streams:   0, words:     0
		worklib.AO1B2X6MA10TR:v <0x6cb8437f>
			streams:   0, words:     0
		worklib.AO21X0P5MA10TR:v <0x752b286d>
			streams:   0, words:     0
		worklib.AO21X0P7MA10TR:v <0x693bee6b>
			streams:   0, words:     0
		worklib.AO21X1MA10TR:v <0x47dbdefc>
			streams:   0, words:     0
		worklib.AO21X1P4MA10TR:v <0x44b56647>
			streams:   0, words:     0
		worklib.AO21X2MA10TR:v <0x468209e8>
			streams:   0, words:     0
		worklib.AO21X3MA10TR:v <0x2bf2383b>
			streams:   0, words:     0
		worklib.AO21X4MA10TR:v <0x298924e1>
			streams:   0, words:     0
		worklib.AO21X6MA10TR:v <0x45a0c226>
			streams:   0, words:     0
		worklib.AO21BX0P5MA10TR:v <0x14b44a96>
			streams:   0, words:     0
		worklib.AO21BX0P7MA10TR:v <0x297ff0cb>
			streams:   0, words:     0
		worklib.AO21BX1MA10TR:v <0x5cebb9d6>
			streams:   0, words:     0
		worklib.AO21BX1P4MA10TR:v <0x58017598>
			streams:   0, words:     0
		worklib.AO21BX2MA10TR:v <0x7ad80737>
			streams:   0, words:     0
		worklib.AO21BX3MA10TR:v <0x67369297>
			streams:   0, words:     0
		worklib.AO21BX4MA10TR:v <0x5b07f9d4>
			streams:   0, words:     0
		worklib.AO21BX6MA10TR:v <0x60dad295>
			streams:   0, words:     0
		worklib.AO22X0P5MA10TR:v <0x06fbc5e4>
			streams:   0, words:     0
		worklib.AO22X0P7MA10TR:v <0x5ee21eb1>
			streams:   0, words:     0
		worklib.AO22X1MA10TR:v <0x5452a2c5>
			streams:   0, words:     0
		worklib.AO22X1P4MA10TR:v <0x6a6fda14>
			streams:   0, words:     0
		worklib.AO22X2MA10TR:v <0x4e091aa9>
			streams:   0, words:     0
		worklib.AO22X3MA10TR:v <0x2a78f1ad>
			streams:   0, words:     0
		worklib.AO22X4MA10TR:v <0x1706e951>
			streams:   0, words:     0
		worklib.AO22X6MA10TR:v <0x692cba39>
			streams:   0, words:     0
		worklib.AOI211X0P5MA10TR:v <0x666531f1>
			streams:   0, words:     0
		worklib.AOI211X0P7MA10TR:v <0x1e2e5a40>
			streams:   0, words:     0
		worklib.AOI211X1MA10TR:v <0x3cd74219>
			streams:   0, words:     0
		worklib.AOI211X1P4MA10TR:v <0x499fab98>
			streams:   0, words:     0
		worklib.AOI211X2MA10TR:v <0x2f1c6ad6>
			streams:   0, words:     0
		worklib.AOI211X3MA10TR:v <0x4c1df1b3>
			streams:   0, words:     0
		worklib.AOI211X4MA10TR:v <0x088a3b48>
			streams:   0, words:     0
		worklib.AOI21X0P5MA10TR:v <0x2bb37e1e>
			streams:   0, words:     0
		worklib.AOI21X0P7MA10TR:v <0x21e31f2a>
			streams:   0, words:     0
		worklib.AOI21X1MA10TR:v <0x7bc86646>
			streams:   0, words:     0
		worklib.AOI21X1P4MA10TR:v <0x281216e0>
			streams:   0, words:     0
		worklib.AOI21X2MA10TR:v <0x138c8fb3>
			streams:   0, words:     0
		worklib.AOI21X3MA10TR:v <0x2608543f>
			streams:   0, words:     0
		worklib.AOI21X4MA10TR:v <0x18745a19>
			streams:   0, words:     0
		worklib.AOI21X6MA10TR:v <0x45b46860>
			streams:   0, words:     0
		worklib.AOI21X8MA10TR:v <0x0f85f14d>
			streams:   0, words:     0
		worklib.AOI21BX0P5MA10TR:v <0x698a8851>
			streams:   0, words:     0
		worklib.AOI21BX0P7MA10TR:v <0x038fa933>
			streams:   0, words:     0
		worklib.AOI21BX1MA10TR:v <0x02a2371d>
			streams:   0, words:     0
		worklib.AOI21BX1P4MA10TR:v <0x3ce1a27f>
			streams:   0, words:     0
		worklib.AOI21BX2MA10TR:v <0x4361697f>
			streams:   0, words:     0
		worklib.AOI21BX3MA10TR:v <0x7c205ca1>
			streams:   0, words:     0
		worklib.AOI21BX4MA10TR:v <0x40e7d5bb>
			streams:   0, words:     0
		worklib.AOI21BX6MA10TR:v <0x3e65be07>
			streams:   0, words:     0
		worklib.AOI21BX8MA10TR:v <0x1c9baa72>
			streams:   0, words:     0
		worklib.AOI221X0P5MA10TR:v <0x75fc45a7>
			streams:   0, words:     0
		worklib.AOI221X0P7MA10TR:v <0x013277bd>
			streams:   0, words:     0
		worklib.AOI221X1MA10TR:v <0x6c1b65fd>
			streams:   0, words:     0
		worklib.AOI221X1P4MA10TR:v <0x5e5ef040>
			streams:   0, words:     0
		worklib.AOI221X2MA10TR:v <0x113b91e2>
			streams:   0, words:     0
		worklib.AOI221X3MA10TR:v <0x614c4308>
			streams:   0, words:     0
		worklib.AOI221X4MA10TR:v <0x06c2fafc>
			streams:   0, words:     0
		worklib.AOI222X0P5MA10TR:v <0x70e53882>
			streams:   0, words:     0
		worklib.AOI222X0P7MA10TR:v <0x1d30b8c0>
			streams:   0, words:     0
		worklib.AOI222X1MA10TR:v <0x601efb36>
			streams:   0, words:     0
		worklib.AOI222X1P4MA10TR:v <0x17b2954a>
			streams:   0, words:     0
		worklib.AOI222X2MA10TR:v <0x50e623df>
			streams:   0, words:     0
		worklib.AOI222X3MA10TR:v <0x099e9647>
			streams:   0, words:     0
		worklib.AOI222X4MA10TR:v <0x6a66944c>
			streams:   0, words:     0
		worklib.AOI22X0P5MA10TR:v <0x18d84c9a>
			streams:   0, words:     0
		worklib.AOI22X0P7MA10TR:v <0x28c90511>
			streams:   0, words:     0
		worklib.AOI22X1MA10TR:v <0x37a09bde>
			streams:   0, words:     0
		worklib.AOI22X1P4MA10TR:v <0x6d2de05d>
			streams:   0, words:     0
		worklib.AOI22X2MA10TR:v <0x70b4f475>
			streams:   0, words:     0
		worklib.AOI22X3MA10TR:v <0x5fffadcc>
			streams:   0, words:     0
		worklib.AOI22X4MA10TR:v <0x4855ae42>
			streams:   0, words:     0
		worklib.AOI22X6MA10TR:v <0x200a9850>
			streams:   0, words:     0
		worklib.AOI22X8MA10TR:v <0x62e61c6c>
			streams:   0, words:     0
		worklib.AOI2XB1X0P5MA10TR:v <0x039dc8da>
			streams:   0, words:     0
		worklib.AOI2XB1X0P7MA10TR:v <0x3291893e>
			streams:   0, words:     0
		worklib.AOI2XB1X1MA10TR:v <0x4264be4a>
			streams:   0, words:     0
		worklib.AOI2XB1X1P4MA10TR:v <0x6d011c29>
			streams:   0, words:     0
		worklib.AOI2XB1X2MA10TR:v <0x214ad939>
			streams:   0, words:     0
		worklib.AOI2XB1X3MA10TR:v <0x7faf0417>
			streams:   0, words:     0
		worklib.AOI2XB1X4MA10TR:v <0x3c67119f>
			streams:   0, words:     0
		worklib.AOI2XB1X6MA10TR:v <0x01acabc2>
			streams:   0, words:     0
		worklib.AOI2XB1X8MA10TR:v <0x6b8403f3>
			streams:   0, words:     0
		worklib.AOI31X0P5MA10TR:v <0x12b38b91>
			streams:   0, words:     0
		worklib.AOI31X0P7MA10TR:v <0x598fa7c8>
			streams:   0, words:     0
		worklib.AOI31X1MA10TR:v <0x574b19f7>
			streams:   0, words:     0
		worklib.AOI31X1P4MA10TR:v <0x5dbbf10c>
			streams:   0, words:     0
		worklib.AOI31X2MA10TR:v <0x367b67d0>
			streams:   0, words:     0
		worklib.AOI31X3MA10TR:v <0x5fbbb00d>
			streams:   0, words:     0
		worklib.AOI31X4MA10TR:v <0x42d21efe>
			streams:   0, words:     0
		worklib.AOI31X6MA10TR:v <0x4a22b704>
			streams:   0, words:     0
		worklib.AOI32X0P5MA10TR:v <0x48d0fe32>
			streams:   0, words:     0
		worklib.AOI32X0P7MA10TR:v <0x269cfec5>
			streams:   0, words:     0
		worklib.AOI32X1MA10TR:v <0x43e74003>
			streams:   0, words:     0
		worklib.AOI32X1P4MA10TR:v <0x144efe82>
			streams:   0, words:     0
		worklib.AOI32X2MA10TR:v <0x54f38a28>
			streams:   0, words:     0
		worklib.AOI32X3MA10TR:v <0x59ffcc31>
			streams:   0, words:     0
		worklib.AOI32X4MA10TR:v <0x17629d5e>
			streams:   0, words:     0
		worklib.AOI32X6MA10TR:v <0x0d7a116c>
			streams:   0, words:     0
		worklib.DFFNQX1MA10TR:v <0x7281003b>
			streams:   0, words:     0
		worklib.DFFNQX2MA10TR:v <0x13b17e1c>
			streams:   0, words:     0
		worklib.DFFNQX3MA10TR:v <0x7a71a9c1>
			streams:   0, words:     0
		worklib.DFFNRPQX1MA10TR:v <0x6486f2d6>
			streams:   0, words:     0
		worklib.DFFNRPQX2MA10TR:v <0x61c75df9>
			streams:   0, words:     0
		worklib.DFFNRPQX3MA10TR:v <0x70bf443c>
			streams:   0, words:     0
		worklib.DFFNSQX1MA10TR:v <0x4e26a3bd>
			streams:   0, words:     0
		worklib.DFFNSQX2MA10TR:v <0x3f498c9b>
			streams:   0, words:     0
		worklib.DFFNSQX3MA10TR:v <0x26bc6bb9>
			streams:   0, words:     0
		worklib.DFFNSRPQX1MA10TR:v <0x3f06f6b7>
			streams:   0, words:     0
		worklib.DFFNSRPQX2MA10TR:v <0x53fa124f>
			streams:   0, words:     0
		worklib.DFFNSRPQX3MA10TR:v <0x1a16cd38>
			streams:   0, words:     0
		worklib.DFFQX0P5MA10TR:v <0x3878e131>
			streams:   0, words:     0
		worklib.DFFQX1MA10TR:v <0x4117e3d7>
			streams:   0, words:     0
		worklib.DFFQX2MA10TR:v <0x55d9c6c7>
			streams:   0, words:     0
		worklib.DFFQX3MA10TR:v <0x599c25c8>
			streams:   0, words:     0
		worklib.DFFQX4MA10TR:v <0x11fd0fc6>
			streams:   0, words:     0
		worklib.DFFQNX0P5MA10TR:v <0x6f6d5ee6>
			streams:   0, words:     0
		worklib.DFFQNX1MA10TR:v <0x223f0fa1>
			streams:   0, words:     0
		worklib.DFFQNX2MA10TR:v <0x430f7186>
			streams:   0, words:     0
		worklib.DFFQNX3MA10TR:v <0x2acfa65b>
			streams:   0, words:     0
		worklib.DFFRPQX0P5MA10TR:v <0x6f39145a>
			streams:   0, words:     0
		worklib.DFFRPQX1MA10TR:v <0x76aafcf6>
			streams:   0, words:     0
		worklib.DFFRPQX2MA10TR:v <0x07c5d3d0>
			streams:   0, words:     0
		worklib.DFFRPQX3MA10TR:v <0x1e3034f2>
			streams:   0, words:     0
		worklib.DFFRPQX4MA10TR:v <0x08a30ebd>
			streams:   0, words:     0
		worklib.DFFRPQNX0P5MA10TR:v <0x52d12ad1>
			streams:   0, words:     0
		worklib.DFFRPQNX1MA10TR:v <0x1d1ec979>
			streams:   0, words:     0
		worklib.DFFRPQNX2MA10TR:v <0x185f6656>
			streams:   0, words:     0
		worklib.DFFRPQNX3MA10TR:v <0x09277f93>
			streams:   0, words:     0
		worklib.DFFSQX0P5MA10TR:v <0x17584249>
			streams:   0, words:     0
		worklib.DFFSQX1MA10TR:v <0x01f3421c>
			streams:   0, words:     0
		worklib.DFFSQX2MA10TR:v <0x6711b68c>
			streams:   0, words:     0
		worklib.DFFSQX3MA10TR:v <0x739f18c3>
			streams:   0, words:     0
		worklib.DFFSQX4MA10TR:v <0x2ad45fac>
			streams:   0, words:     0
		worklib.DFFSQNX0P5MA10TR:v <0x13dc60e5>
			streams:   0, words:     0
		worklib.DFFSQNX1MA10TR:v <0x363b28c1>
			streams:   0, words:     0
		worklib.DFFSQNX2MA10TR:v <0x475407e7>
			streams:   0, words:     0
		worklib.DFFSQNX3MA10TR:v <0x5ea1e0c5>
			streams:   0, words:     0
		worklib.DFFSRPQX0P5MA10TR:v <0x308c8173>
			streams:   0, words:     0
		worklib.DFFSRPQX1MA10TR:v <0x6655994d>
			streams:   0, words:     0
		worklib.DFFSRPQX2MA10TR:v <0x0ba9572f>
			streams:   0, words:     0
		worklib.DFFSRPQX3MA10TR:v <0x0b956c11>
			streams:   0, words:     0
		worklib.DFFSRPQX4MA10TR:v <0x66994e8b>
			streams:   0, words:     0
		worklib.DFFYQX1MA10TR:v <0x4beb1706>
			streams:   0, words:     0
		worklib.DFFYQX2MA10TR:v <0x2adb6921>
			streams:   0, words:     0
		worklib.DFFYQX3MA10TR:v <0x431bbefc>
			streams:   0, words:     0
		worklib.DFFYQX4MA10TR:v <0x5e72100f>
			streams:   0, words:     0
		worklib.EDFFQX0P5MA10TR:v <0x4cc0d315>
			streams:   0, words:     0
		worklib.EDFFQX1MA10TR:v <0x292f26fc>
			streams:   0, words:     0
		worklib.EDFFQX2MA10TR:v <0x0c065ff9>
			streams:   0, words:     0
		worklib.EDFFQX3MA10TR:v <0x4b8909e5>
			streams:   0, words:     0
		worklib.EDFFQNX0P5MA10TR:v <0x42981dd0>
			streams:   0, words:     0
		worklib.EDFFQNX1MA10TR:v <0x0e164764>
			streams:   0, words:     0
		worklib.EDFFQNX2MA10TR:v <0x310c20a3>
			streams:   0, words:     0
		worklib.EDFFQNX3MA10TR:v <0x12d50021>
			streams:   0, words:     0
		worklib.ESDFFQX0P5MA10TR:v <0x63d6b004>
			streams:   0, words:     0
		worklib.ESDFFQX1MA10TR:v <0x52cde90e>
			streams:   0, words:     0
		worklib.ESDFFQX2MA10TR:v <0x04a4b381>
			streams:   0, words:     0
		worklib.ESDFFQX3MA10TR:v <0x7fac87c4>
			streams:   0, words:     0
		worklib.ESDFFQNX0P5MA10TR:v <0x3aecb3c1>
			streams:   0, words:     0
		worklib.ESDFFQNX1MA10TR:v <0x07683381>
			streams:   0, words:     0
		worklib.ESDFFQNX2MA10TR:v <0x05fccac4>
			streams:   0, words:     0
		worklib.ESDFFQNX3MA10TR:v <0x1637e127>
			streams:   0, words:     0
		worklib.LATNQX0P5MA10TR:v <0x13b86714>
			streams:   0, words:     0
		worklib.LATNQX1MA10TR:v <0x63786399>
			streams:   0, words:     0
		worklib.LATNQX2MA10TR:v <0x059a9709>
			streams:   0, words:     0
		worklib.LATNQX3MA10TR:v <0x11143946>
			streams:   0, words:     0
		worklib.LATNQNX0P5MA10TR:v <0x5d6a8dda>
			streams:   0, words:     0
		worklib.LATNQNX1MA10TR:v <0x77eff33f>
			streams:   0, words:     0
		worklib.LATNQNX2MA10TR:v <0x0680dc19>
			streams:   0, words:     0
		worklib.LATNQNX3MA10TR:v <0x1f753b3b>
			streams:   0, words:     0
		worklib.LATNQNX4MA10TR:v <0x09e60174>
			streams:   0, words:     0
		worklib.LATNRPQNX0P5MA10TR:v <0x447870c8>
			streams:   0, words:     0
		worklib.LATNRPQNX1MA10TR:v <0x69e933d2>
			streams:   0, words:     0
		worklib.LATNRPQNX2MA10TR:v <0x689b5b71>
			streams:   0, words:     0
		worklib.LATNRPQNX3MA10TR:v <0x3322fdf0>
			streams:   0, words:     0
		worklib.LATNRPQNX4MA10TR:v <0x6a7f8a36>
			streams:   0, words:     0
		worklib.LATNRQX0P5MA10TR:v <0x1d5d22f7>
			streams:   0, words:     0
		worklib.LATNRQX1MA10TR:v <0x059a3d15>
			streams:   0, words:     0
		worklib.LATNRQX2MA10TR:v <0x77660499>
			streams:   0, words:     0
		worklib.LATNRQX3MA10TR:v <0x593213e2>
			streams:   0, words:     0
		worklib.LATNSPQX0P5MA10TR:v <0x275a6432>
			streams:   0, words:     0
		worklib.LATNSPQX1MA10TR:v <0x38b6e704>
			streams:   0, words:     0
		worklib.LATNSPQX2MA10TR:v <0x525a7678>
			streams:   0, words:     0
		worklib.LATNSPQX3MA10TR:v <0x2f6987b3>
			streams:   0, words:     0
		worklib.LATNSQNX0P5MA10TR:v <0x247d18cc>
			streams:   0, words:     0
		worklib.LATNSQNX1MA10TR:v <0x54f1321d>
			streams:   0, words:     0
		worklib.LATNSQNX2MA10TR:v <0x3e1da361>
			streams:   0, words:     0
		worklib.LATNSQNX3MA10TR:v <0x432e52aa>
			streams:   0, words:     0
		worklib.LATNSQNX4MA10TR:v <0x067c02b9>
			streams:   0, words:     0
		worklib.LATQX0P5MA10TR:v <0x4ed4d656>
			streams:   0, words:     0
		worklib.LATQX1MA10TR:v <0x1287bbf2>
			streams:   0, words:     0
		worklib.LATQX2MA10TR:v <0x23b8395c>
			streams:   0, words:     0
		worklib.LATQX3MA10TR:v <0x4cad4739>
			streams:   0, words:     0
		worklib.LATQNX0P5MA10TR:v <0x6b2c76bf>
			streams:   0, words:     0
		worklib.LATQNX1MA10TR:v <0x36ae7827>
			streams:   0, words:     0
		worklib.LATQNX2MA10TR:v <0x504c8cb7>
			streams:   0, words:     0
		worklib.LATQNX3MA10TR:v <0x44c222f8>
			streams:   0, words:     0
		worklib.LATQNX4MA10TR:v <0x1d896597>
			streams:   0, words:     0
		worklib.LATRPQNX0P5MA10TR:v <0x2dbe5a1c>
			streams:   0, words:     0
		worklib.LATRPQNX1MA10TR:v <0x6f8b46e0>
			streams:   0, words:     0
		worklib.LATRPQNX2MA10TR:v <0x0567d79c>
			streams:   0, words:     0
		worklib.LATRPQNX3MA10TR:v <0x78542657>
			streams:   0, words:     0
		worklib.LATRPQNX4MA10TR:v <0x3d067644>
			streams:   0, words:     0
		worklib.LATRQX0P5MA10TR:v <0x6d454635>
			streams:   0, words:     0
		worklib.LATRQX1MA10TR:v <0x3559c335>
			streams:   0, words:     0
		worklib.LATRQX2MA10TR:v <0x0df2fece>
			streams:   0, words:     0
		worklib.LATRQX3MA10TR:v <0x77d36947>
			streams:   0, words:     0
		worklib.LATSPQX0P5MA10TR:v <0x360e7251>
			streams:   0, words:     0
		worklib.LATSPQX1MA10TR:v <0x2f96db22>
			streams:   0, words:     0
		worklib.LATSPQX2MA10TR:v <0x5d6ae2ae>
			streams:   0, words:     0
		worklib.LATSPQX3MA10TR:v <0x733ef5d5>
			streams:   0, words:     0
		worklib.LATSQNX0P5MA10TR:v <0x12eacd91>
			streams:   0, words:     0
		worklib.LATSQNX1MA10TR:v <0x1c8f306c>
			streams:   0, words:     0
		worklib.LATSQNX2MA10TR:v <0x6e7309e0>
			streams:   0, words:     0
		worklib.LATSQNX3MA10TR:v <0x40271e9b>
			streams:   0, words:     0
		worklib.LATSQNX4MA10TR:v <0x6633f9d9>
			streams:   0, words:     0
		worklib.M2DFFQX0P5MA10TR:v <0x5998a65b>
			streams:   0, words:     0
		worklib.M2DFFQX1MA10TR:v <0x4d1e620c>
			streams:   0, words:     0
		worklib.M2DFFQX2MA10TR:v <0x679d07dc>
			streams:   0, words:     0
		worklib.M2DFFQX3MA10TR:v <0x6c5b584c>
			streams:   0, words:     0
		worklib.M2DFFQX4MA10TR:v <0x0452491d>
			streams:   0, words:     0
		worklib.M2DFFQNX0P5MA10TR:v <0x0470b073>
			streams:   0, words:     0
		worklib.M2DFFQNX1MA10TR:v <0x40e239c7>
			streams:   0, words:     0
		worklib.M2DFFQNX2MA10TR:v <0x7b8f60ba>
			streams:   0, words:     0
		worklib.M2DFFQNX3MA10TR:v <0x7f132b4e>
			streams:   0, words:     0
		worklib.M2SDFFQX0P5MA10TR:v <0x49da344e>
			streams:   0, words:     0
		worklib.M2SDFFQX1MA10TR:v <0x165dec90>
			streams:   0, words:     0
		worklib.M2SDFFQX2MA10TR:v <0x17b89142>
			streams:   0, words:     0
		worklib.M2SDFFQX3MA10TR:v <0x4c73c4ec>
			streams:   0, words:     0
		worklib.M2SDFFQX4MA10TR:v <0x79cae9c7>
			streams:   0, words:     0
		worklib.M2SDFFQNX0P5MA10TR:v <0x4581f268>
			streams:   0, words:     0
		worklib.M2SDFFQNX1MA10TR:v <0x579af527>
			streams:   0, words:     0
		worklib.M2SDFFQNX2MA10TR:v <0x40d4922e>
			streams:   0, words:     0
		worklib.M2SDFFQNX3MA10TR:v <0x5fa9cc09>
			streams:   0, words:     0
		worklib.MX2X0P5BA10TR:v <0x609040bc>
			streams:   0, words:     0
		worklib.MX2X0P5MA10TR:v <0x418f288b>
			streams:   0, words:     0
		worklib.MX2X0P7BA10TR:v <0x533657e1>
			streams:   0, words:     0
		worklib.MX2X0P7MA10TR:v <0x72293fd6>
			streams:   0, words:     0
		worklib.MX2X1BA10TR:v <0x616ff7b0>
			streams:   0, words:     0
		worklib.MX2X1MA10TR:v <0x12b00862>
			streams:   0, words:     0
		worklib.MX2X1P4BA10TR:v <0x14de0ede>
			streams:   0, words:     0
		worklib.MX2X1P4MA10TR:v <0x35c166e9>
			streams:   0, words:     0
		worklib.MX2X2BA10TR:v <0x7c113c2e>
			streams:   0, words:     0
		worklib.MX2X2MA10TR:v <0x0fcec3fc>
			streams:   0, words:     0
		worklib.MX2X3BA10TR:v <0x657c067b>
			streams:   0, words:     0
		worklib.MX2X3MA10TR:v <0x16a3f9a9>
			streams:   0, words:     0
		worklib.MX2X4BA10TR:v <0x70252e72>
			streams:   0, words:     0
		worklib.MX2X4MA10TR:v <0x03fad1a0>
			streams:   0, words:     0
		worklib.MX2X6BA10TR:v <0x7436dfb9>
			streams:   0, words:     0
		worklib.MX2X6MA10TR:v <0x07e9206b>
			streams:   0, words:     0
		worklib.MX2X8BA10TR:v <0x684d0acb>
			streams:   0, words:     0
		worklib.MXIT2X0P5MA10TR:v <0x4647264f>
			streams:   0, words:     0
		worklib.MXIT2X0P7MA10TR:v <0x478fc862>
			streams:   0, words:     0
		worklib.MXIT2X1MA10TR:v <0x7fbb4f71>
			streams:   0, words:     0
		worklib.MXIT2X1P4MA10TR:v <0x33299725>
			streams:   0, words:     0
		worklib.MXIT2X2MA10TR:v <0x24806949>
			streams:   0, words:     0
		worklib.MXIT2X3MA10TR:v <0x6d968b5e>
			streams:   0, words:     0
		worklib.MXIT2X4MA10TR:v <0x49872379>
			streams:   0, words:     0
		worklib.MXIT4X0P5MA10TR:v <0x3b79940d>
			streams:   0, words:     0
		worklib.MXIT4X0P7MA10TR:v <0x079f06e0>
			streams:   0, words:     0
		worklib.MXIT4X1MA10TR:v <0x0f0a07cb>
			streams:   0, words:     0
		worklib.MXIT4X1P4MA10TR:v <0x59a4b0bc>
			streams:   0, words:     0
		worklib.MXIT4X2MA10TR:v <0x63470367>
			streams:   0, words:     0
		worklib.MXIT4X3MA10TR:v <0x63eb81e3>
			streams:   0, words:     0
		worklib.MXT2X0P5MA10TR:v <0x2395244b>
			streams:   0, words:     0
		worklib.MXT2X0P7MA10TR:v <0x4d1fdf7b>
			streams:   0, words:     0
		worklib.MXT2X1MA10TR:v <0x615a4f92>
			streams:   0, words:     0
		worklib.MXT2X1P4MA10TR:v <0x28026c75>
			streams:   0, words:     0
		worklib.MXT2X2MA10TR:v <0x76c749d6>
			streams:   0, words:     0
		worklib.MXT2X3MA10TR:v <0x7bb3b415>
			streams:   0, words:     0
		worklib.MXT2X4MA10TR:v <0x59fd455f>
			streams:   0, words:     0
		worklib.MXT2X6MA10TR:v <0x4314bed8>
			streams:   0, words:     0
		worklib.MXT4X0P5MA10TR:v <0x65a6f4af>
			streams:   0, words:     0
		worklib.MXT4X0P7MA10TR:v <0x208dde9c>
			streams:   0, words:     0
		worklib.MXT4X1MA10TR:v <0x16ad279f>
			streams:   0, words:     0
		worklib.MXT4X1P4MA10TR:v <0x10db5550>
			streams:   0, words:     0
		worklib.MXT4X2MA10TR:v <0x2bc44fa6>
			streams:   0, words:     0
		worklib.MXT4X3MA10TR:v <0x40e3684e>
			streams:   0, words:     0
		worklib.OA211X0P5MA10TR:v <0x5a0a0454>
			streams:   0, words:     0
		worklib.OA211X0P7MA10TR:v <0x0354d07f>
			streams:   0, words:     0
		worklib.OA211X1MA10TR:v <0x5adf5dd8>
			streams:   0, words:     0
		worklib.OA211X1P4MA10TR:v <0x4d42773c>
			streams:   0, words:     0
		worklib.OA211X2MA10TR:v <0x4fd5e332>
			streams:   0, words:     0
		worklib.OA211X3MA10TR:v <0x67bbf78b>
			streams:   0, words:     0
		worklib.OA211X4MA10TR:v <0x3eb198a7>
			streams:   0, words:     0
		worklib.OA211X6MA10TR:v <0x03d532f4>
			streams:   0, words:     0
		worklib.OA21X0P5MA10TR:v <0x6da0356d>
			streams:   0, words:     0
		worklib.OA21X0P7MA10TR:v <0x71b0f36b>
			streams:   0, words:     0
		worklib.OA21X1MA10TR:v <0x6edf4560>
			streams:   0, words:     0
		worklib.OA21X1P4MA10TR:v <0x5c3e7b47>
			streams:   0, words:     0
		worklib.OA21X2MA10TR:v <0x6f869274>
			streams:   0, words:     0
		worklib.OA21X3MA10TR:v <0x02f6a3a7>
			streams:   0, words:     0
		worklib.OA21X4MA10TR:v <0x008dbf7d>
			streams:   0, words:     0
		worklib.OA21X6MA10TR:v <0x6ca459ba>
			streams:   0, words:     0
		worklib.OA21X8MA10TR:v <0x6852600f>
			streams:   0, words:     0
		worklib.OA22X0P5MA10TR:v <0x026df4c5>
			streams:   0, words:     0
		worklib.OA22X0P7MA10TR:v <0x5a742f90>
			streams:   0, words:     0
		worklib.OA22X1MA10TR:v <0x0e953909>
			streams:   0, words:     0
		worklib.OA22X1P4MA10TR:v <0x6ef9eb35>
			streams:   0, words:     0
		worklib.OA22X2MA10TR:v <0x14ce8165>
			streams:   0, words:     0
		worklib.OA22X3MA10TR:v <0x70bf6a61>
			streams:   0, words:     0
		worklib.OA22X4MA10TR:v <0x4dc1729d>
			streams:   0, words:     0
		worklib.OA22X6MA10TR:v <0x33eb21f5>
			streams:   0, words:     0
		worklib.OA22X8MA10TR:v <0x4917100d>
			streams:   0, words:     0
		worklib.OAI211X0P5MA10TR:v <0x34343851>
			streams:   0, words:     0
		worklib.OAI211X0P7MA10TR:v <0x4c7f53e0>
			streams:   0, words:     0
		worklib.OAI211X1MA10TR:v <0x71c0462a>
			streams:   0, words:     0
		worklib.OAI211X1P4MA10TR:v <0x1bcea238>
			streams:   0, words:     0
		worklib.OAI211X2MA10TR:v <0x620b6ee5>
			streams:   0, words:     0
		worklib.OAI211X3MA10TR:v <0x010af580>
			streams:   0, words:     0
		worklib.OAI211X4MA10TR:v <0x459d3f7b>
			streams:   0, words:     0
		worklib.OAI21X0P5MA10TR:v <0x591315be>
			streams:   0, words:     0
		worklib.OAI21X0P7MA10TR:v <0x5343748a>
			streams:   0, words:     0
		worklib.OAI21X1MA10TR:v <0x69f63184>
			streams:   0, words:     0
		worklib.OAI21X1P4MA10TR:v <0x5ab27d40>
			streams:   0, words:     0
		worklib.OAI21X2MA10TR:v <0x01b2d871>
			streams:   0, words:     0
		worklib.OAI21X3MA10TR:v <0x343603fd>
			streams:   0, words:     0
		worklib.OAI21X4MA10TR:v <0x0a4a0ddb>
			streams:   0, words:     0
		worklib.OAI21X6MA10TR:v <0x578a3fa2>
			streams:   0, words:     0
		worklib.OAI21X8MA10TR:v <0x1dbba68f>
			streams:   0, words:     0
		worklib.OAI21BX0P5MA10TR:v <0x2692affb>
			streams:   0, words:     0
		worklib.OAI21BX0P7MA10TR:v <0x5ed9c44a>
			streams:   0, words:     0
		worklib.OAI21BX1MA10TR:v <0x25203b16>
			streams:   0, words:     0
		worklib.OAI21BX1P4MA10TR:v <0x09683592>
			streams:   0, words:     0
		worklib.OAI21BX2MA10TR:v <0x36eb13d9>
			streams:   0, words:     0
		worklib.OAI21BX3MA10TR:v <0x55ea88bc>
			streams:   0, words:     0
		worklib.OAI21BX4MA10TR:v <0x117d4247>
			streams:   0, words:     0
		worklib.OAI21BX6MA10TR:v <0x61b7f1ed>
			streams:   0, words:     0
		worklib.OAI21BX8MA10TR:v <0x5e51e17b>
			streams:   0, words:     0
		worklib.OAI221X0P5MA10TR:v <0x746451c0>
			streams:   0, words:     0
		worklib.OAI221X0P7MA10TR:v <0x00aa63da>
			streams:   0, words:     0
		worklib.OAI221X1MA10TR:v <0x76e1816e>
			streams:   0, words:     0
		worklib.OAI221X1P4MA10TR:v <0x5fc6e427>
			streams:   0, words:     0
		worklib.OAI221X2MA10TR:v <0x0bc17571>
			streams:   0, words:     0
		worklib.OAI221X3MA10TR:v <0x7bb6a79b>
			streams:   0, words:     0
		worklib.OAI221X4MA10TR:v <0x1c381e6f>
			streams:   0, words:     0
		worklib.OAI222X0P5MA10TR:v <0x1ad85503>
			streams:   0, words:     0
		worklib.OAI222X0P7MA10TR:v <0x770dd541>
			streams:   0, words:     0
		worklib.OAI222X1MA10TR:v <0x031ec432>
			streams:   0, words:     0
		worklib.OAI222X1P4MA10TR:v <0x7d8ff8cb>
			streams:   0, words:     0
		worklib.OAI222X2MA10TR:v <0x33e61cdb>
			streams:   0, words:     0
		worklib.OAI222X3MA10TR:v <0x6a9ea943>
			streams:   0, words:     0
		worklib.OAI222X4MA10TR:v <0x0966ab48>
			streams:   0, words:     0
		worklib.OAI22X0P5MA10TR:v <0x08aef294>
			streams:   0, words:     0
		worklib.OAI22X0P7MA10TR:v <0x38bfbb1f>
			streams:   0, words:     0
		worklib.OAI22X1MA10TR:v <0x4784e03d>
			streams:   0, words:     0
		worklib.OAI22X1P4MA10TR:v <0x7d5b5e53>
			streams:   0, words:     0
		worklib.OAI22X2MA10TR:v <0x00908f96>
			streams:   0, words:     0
		worklib.OAI22X3MA10TR:v <0x2fdbd62f>
			streams:   0, words:     0
		worklib.OAI22X4MA10TR:v <0x3871d5a1>
			streams:   0, words:     0
		worklib.OAI22X6MA10TR:v <0x502ee3b3>
			streams:   0, words:     0
		worklib.OAI22X8MA10TR:v <0x12c2678f>
			streams:   0, words:     0
		worklib.OAI2XB1X0P5MA10TR:v <0x51e8b388>
			streams:   0, words:     0
		worklib.OAI2XB1X0P7MA10TR:v <0x60e4f26c>
			streams:   0, words:     0
		worklib.OAI2XB1X1MA10TR:v <0x2c255345>
			streams:   0, words:     0
		worklib.OAI2XB1X1P4MA10TR:v <0x3f74677b>
			streams:   0, words:     0
		worklib.OAI2XB1X2MA10TR:v <0x4f0b3436>
			streams:   0, words:     0
		worklib.OAI2XB1X3MA10TR:v <0x11eee918>
			streams:   0, words:     0
		worklib.OAI2XB1X4MA10TR:v <0x5226fc90>
			streams:   0, words:     0
		worklib.OAI2XB1X6MA10TR:v <0x6fed46cd>
			streams:   0, words:     0
		worklib.OAI2XB1X8MA10TR:v <0x05c5eefc>
			streams:   0, words:     0
		worklib.POSTICGX0P5BA10TR:v <0x7ba3dbcc>
			streams:   0, words:     0
		worklib.POSTICGX0P6BA10TR:v <0x7b393103>
			streams:   0, words:     0
		worklib.POSTICGX0P7BA10TR:v <0x16f7eb99>
			streams:   0, words:     0
		worklib.POSTICGX0P8BA10TR:v <0x79be2948>
			streams:   0, words:     0
		worklib.POSTICGX11BA10TR:v <0x4eb302fc>
			streams:   0, words:     0
		worklib.POSTICGX13BA10TR:v <0x7f2c9b91>
			streams:   0, words:     0
		worklib.POSTICGX16BA10TR:v <0x1fad63bc>
			streams:   0, words:     0
		worklib.POSTICGX1BA10TR:v <0x19b0e25c>
			streams:   0, words:     0
		worklib.POSTICGX1P2BA10TR:v <0x1748e37d>
			streams:   0, words:     0
		worklib.POSTICGX1P4BA10TR:v <0x167d36e2>
			streams:   0, words:     0
		worklib.POSTICGX1P7BA10TR:v <0x16e7dc2d>
			streams:   0, words:     0
		worklib.POSTICGX2BA10TR:v <0x59fa9681>
			streams:   0, words:     0
		worklib.POSTICGX2P5BA10TR:v <0x163b3785>
			streams:   0, words:     0
		worklib.POSTICGX3BA10TR:v <0x50ec470a>
			streams:   0, words:     0
		worklib.POSTICGX3P5BA10TR:v <0x162b0031>
			streams:   0, words:     0
		worklib.POSTICGX4BA10TR:v <0x34d6fc1a>
			streams:   0, words:     0
		worklib.POSTICGX5BA10TR:v <0x3dc02d91>
			streams:   0, words:     0
		worklib.POSTICGX6BA10TR:v <0x7d8a594c>
			streams:   0, words:     0
		worklib.POSTICGX7P5BA10TR:v <0x166bdee3>
			streams:   0, words:     0
		worklib.POSTICGX9BA10TR:v <0x6798f8a6>
			streams:   0, words:     0
		worklib.PREICGX0P5BA10TR:v <0x3c922ca3>
			streams:   0, words:     0
		worklib.PREICGX0P6BA10TR:v <0x55c27978>
			streams:   0, words:     0
		worklib.PREICGX0P7BA10TR:v <0x0d0db5ce>
			streams:   0, words:     0
		worklib.PREICGX0P8BA10TR:v <0x1a4638d9>
			streams:   0, words:     0
		worklib.PREICGX11BA10TR:v <0x0bfc7322>
			streams:   0, words:     0
		worklib.PREICGX13BA10TR:v <0x42a0d674>
			streams:   0, words:     0
		worklib.PREICGX16BA10TR:v <0x6fc6c832>
			streams:   0, words:     0
		worklib.PREICGX1BA10TR:v <0x6211b9c0>
			streams:   0, words:     0
		worklib.PREICGX1P2BA10TR:v <0x414c0a29>
			streams:   0, words:     0
		worklib.PREICGX1P4BA10TR:v <0x489da7df>
			streams:   0, words:     0
		worklib.PREICGX1P7BA10TR:v <0x21cdf204>
			streams:   0, words:     0
		worklib.PREICGX2BA10TR:v <0x696c1bd1>
			streams:   0, words:     0
		worklib.PREICGX2P5BA10TR:v <0x6512a336>
			streams:   0, words:     0
		worklib.PREICGX3BA10TR:v <0x020006fe>
			streams:   0, words:     0
		worklib.PREICGX3P5BA10TR:v <0x49d2e4fc>
			streams:   0, words:     0
		worklib.PREICGX4BA10TR:v <0x7f975ff3>
			streams:   0, words:     0
		worklib.PREICGX5BA10TR:v <0x14fb42dc>
			streams:   0, words:     0
		worklib.PREICGX6BA10TR:v <0x1f86e0cd>
			streams:   0, words:     0
		worklib.PREICGX7P5BA10TR:v <0x7ad3fbd6>
			streams:   0, words:     0
		worklib.PREICGX9BA10TR:v <0x390dca98>
			streams:   0, words:     0
		worklib.RF1R1WSX1MA10TR:v <0x59559959>
			streams:   0, words:     0
		worklib.RF1R1WSX1P4MA10TR:v <0x29051f88>
			streams:   0, words:     0
		worklib.RF1R1WSX2MA10TR:v <0x1cb777ec>
			streams:   0, words:     0
		worklib.RF1R2WSX1MA10TR:v <0x22f897dc>
			streams:   0, words:     0
		worklib.RF1R2WSX1P4MA10TR:v <0x74315e01>
			streams:   0, words:     0
		worklib.RF1R2WSX2MA10TR:v <0x4f0459be>
			streams:   0, words:     0
		worklib.RF2R1WSX1MA10TR:v <0x0c799f1c>
			streams:   0, words:     0
		worklib.RF2R1WSX1P4MA10TR:v <0x2417bf1d>
			streams:   0, words:     0
		worklib.RF2R1WSX2MA10TR:v <0x67f21843>
			streams:   0, words:     0
		worklib.RF2R2WSX1MA10TR:v <0x3a251ff5>
			streams:   0, words:     0
		worklib.RF2R2WSX1P4MA10TR:v <0x567727bb>
			streams:   0, words:     0
		worklib.RF2R2WSX2MA10TR:v <0x7b88f6fd>
			streams:   0, words:     0
		worklib.SDFFNQX1MA10TR:v <0x5d744735>
			streams:   0, words:     0
		worklib.SDFFNQX2MA10TR:v <0x2054b32a>
			streams:   0, words:     0
		worklib.SDFFNQX3MA10TR:v <0x502361c0>
			streams:   0, words:     0
		worklib.SDFFNRPQX1MA10TR:v <0x6ea0ee05>
			streams:   0, words:     0
		worklib.SDFFNRPQX2MA10TR:v <0x30eaefea>
			streams:   0, words:     0
		worklib.SDFFNRPQX3MA10TR:v <0x176b9390>
			streams:   0, words:     0
		worklib.SDFFNSQX1MA10TR:v <0x19b3df98>
			streams:   0, words:     0
		worklib.SDFFNSQX2MA10TR:v <0x3d084dd6>
			streams:   0, words:     0
		worklib.SDFFNSQX3MA10TR:v <0x17b1c1d3>
			streams:   0, words:     0
		worklib.SDFFNSRPQX1MA10TR:v <0x02c45d5a>
			streams:   0, words:     0
		worklib.SDFFNSRPQX2MA10TR:v <0x6a9344da>
			streams:   0, words:     0
		worklib.SDFFNSRPQX3MA10TR:v <0x69c9cd45>
			streams:   0, words:     0
		worklib.SDFFQX0P5MA10TR:v <0x7d4961ae>
			streams:   0, words:     0
		worklib.SDFFQX1MA10TR:v <0x40723864>
			streams:   0, words:     0
		worklib.SDFFQX2MA10TR:v <0x44ec759d>
			streams:   0, words:     0
		worklib.SDFFQX3MA10TR:v <0x2adecdea>
			streams:   0, words:     0
		worklib.SDFFQX4MA10TR:v <0x20686d4f>
			streams:   0, words:     0
		worklib.SDFFQNX0P5MA10TR:v <0x44879dc0>
			streams:   0, words:     0
		worklib.SDFFQNX1MA10TR:v <0x61c16808>
			streams:   0, words:     0
		worklib.SDFFQNX2MA10TR:v <0x1ce19c17>
			streams:   0, words:     0
		worklib.SDFFQNX3MA10TR:v <0x6c964efd>
			streams:   0, words:     0
		worklib.SDFFRPQX0P5MA10TR:v <0x29572af5>
			streams:   0, words:     0
		worklib.SDFFRPQX1MA10TR:v <0x7a854cdd>
			streams:   0, words:     0
		worklib.SDFFRPQX2MA10TR:v <0x5e3ede93>
			streams:   0, words:     0
		worklib.SDFFRPQX3MA10TR:v <0x74875296>
			streams:   0, words:     0
		worklib.SDFFRPQX4MA10TR:v <0x1749fa0f>
			streams:   0, words:     0
		worklib.SDFFRPQNX0P5MA10TR:v <0x6e39f566>
			streams:   0, words:     0
		worklib.SDFFRPQNX1MA10TR:v <0x1e000956>
			streams:   0, words:     0
		worklib.SDFFRPQNX2MA10TR:v <0x404a08b9>
			streams:   0, words:     0
		worklib.SDFFRPQNX3MA10TR:v <0x67cb74c3>
			streams:   0, words:     0
		worklib.SDFFSQX0P5MA10TR:v <0x210f71fb>
			streams:   0, words:     0
		worklib.SDFFSQX1MA10TR:v <0x1c6e75fc>
			streams:   0, words:     0
		worklib.SDFFSQX2MA10TR:v <0x2bc3a60c>
			streams:   0, words:     0
		worklib.SDFFSQX3MA10TR:v <0x54e06b83>
			streams:   0, words:     0
		worklib.SDFFSQX4MA10TR:v <0x449801ed>
			streams:   0, words:     0
		worklib.SDFFSQNX0P5MA10TR:v <0x376348ab>
			streams:   0, words:     0
		worklib.SDFFSQNX1MA10TR:v <0x2139cb07>
			streams:   0, words:     0
		worklib.SDFFSQNX2MA10TR:v <0x05825949>
			streams:   0, words:     0
		worklib.SDFFSQNX3MA10TR:v <0x2f3bd54c>
			streams:   0, words:     0
		worklib.SDFFSRPQX0P5MA10TR:v <0x7dd14758>
			streams:   0, words:     0
		worklib.SDFFSRPQX1MA10TR:v <0x3af749fc>
			streams:   0, words:     0
		worklib.SDFFSRPQX2MA10TR:v <0x067086f7>
			streams:   0, words:     0
		worklib.SDFFSRPQX3MA10TR:v <0x4965bd11>
			streams:   0, words:     0
		worklib.SDFFSRPQX4MA10TR:v <0x7f7f18e1>
			streams:   0, words:     0
		worklib.SDFFYQX1MA10TR:v <0x507006f4>
			streams:   0, words:     0
		worklib.SDFFYQX2MA10TR:v <0x2d50f2eb>
			streams:   0, words:     0
		worklib.SDFFYQX3MA10TR:v <0x5d272001>
			streams:   0, words:     0
		worklib.SDFFYQX4MA10TR:v <0x3aa999f5>
			streams:   0, words:     0
		worklib.XNOR2X0P5MA10TR:v <0x08ee3d4a>
			streams:   0, words:     0
		worklib.XNOR2X0P7MA10TR:v <0x7d028203>
			streams:   0, words:     0
		worklib.XNOR2X1MA10TR:v <0x44830ea3>
			streams:   0, words:     0
		worklib.XNOR2X1P4MA10TR:v <0x24d4fa40>
			streams:   0, words:     0
		worklib.XNOR2X2MA10TR:v <0x5c7ea13b>
			streams:   0, words:     0
		worklib.XNOR2X3MA10TR:v <0x1d05398c>
			streams:   0, words:     0
		worklib.XNOR2X4MA10TR:v <0x36f4f84a>
			streams:   0, words:     0
		worklib.XNOR3X0P5MA10TR:v <0x23176785>
			streams:   0, words:     0
		worklib.XNOR3X0P7MA10TR:v <0x6a4bc2d3>
			streams:   0, words:     0
		worklib.XNOR3X1MA10TR:v <0x5ad4f4d2>
			streams:   0, words:     0
		worklib.XNOR3X1P4MA10TR:v <0x6297875a>
			streams:   0, words:     0
		worklib.XNOR3X2MA10TR:v <0x0f135e46>
			streams:   0, words:     0
		worklib.XNOR3X3MA10TR:v <0x43ae3835>
			streams:   0, words:     0
		worklib.XNOR3X4MA10TR:v <0x7fed0d2e>
			streams:   0, words:     0
		worklib.XOR2X0P5MA10TR:v <0x69ebfca6>
			streams:   0, words:     0
		worklib.XOR2X0P7MA10TR:v <0x48298fca>
			streams:   0, words:     0
		worklib.XOR2X1MA10TR:v <0x30ee8d8e>
			streams:   0, words:     0
		worklib.XOR2X1P4MA10TR:v <0x7f6e1bb7>
			streams:   0, words:     0
		worklib.XOR2X2MA10TR:v <0x4a58333a>
			streams:   0, words:     0
		worklib.XOR2X3MA10TR:v <0x2ae55b69>
			streams:   0, words:     0
		worklib.XOR2X4MA10TR:v <0x09fccb33>
			streams:   0, words:     0
		worklib.XOR3X0P5MA10TR:v <0x2a7a3b4f>
			streams:   0, words:     0
		worklib.XOR3X0P7MA10TR:v <0x4a6b8471>
			streams:   0, words:     0
		worklib.XOR3X1MA10TR:v <0x41983e03>
			streams:   0, words:     0
		worklib.XOR3X1P4MA10TR:v <0x3c810118>
			streams:   0, words:     0
		worklib.XOR3X2MA10TR:v <0x15c9d4fa>
			streams:   0, words:     0
		worklib.XOR3X3MA10TR:v <0x6f298f6d>
			streams:   0, words:     0
		worklib.XOR3X4MA10TR:v <0x0ba38468>
			streams:   0, words:     0
	Building instance specific data structures.
	Loading native compiled code:     .................... Done
	Design hierarchy summary:
		                  Instances  Unique
		Modules:                867     867
		UDPs:                   394      11
		Primitives:            2392      10
		Registers:              254     260
		Scalar wires:           257       -
		Timing checks:         3040       -
		Simulation timescale:   1ps
	Writing initial simulation snapshot: worklib.XOR3X4MA10TR:v
TOOL:	xmverilog	21.03-s007: Exiting on Nov 26, 2022 at 23:02:38 CST  (total: 00:00:05)
