Virtuoso Framework License (111) was checked out successfully. Total checkout time was 0.03s.

*WARNING* '/home/hfaroo9/498-pnr/ece498hk-RISCV-V-Extension/cadenceLib/cds.lib', Line 1: Cannot find file '$TSMC65RF/cds.lib'.
*WARNING* '/home/hfaroo9/498-pnr/ece498hk-RISCV-V-Extension/cadenceLib/cds.lib', Line 1: Skipping: '$TSMC65RF/cds.lib'

*WARNING* '/ece498hk/libs/T65GP_RFMIM_2fF_1P0V_2P5V_1p9m_6X1Z1U_ALRDL_OA61_PDK/cds.lib', Line 4: Cannot find file '$CDSHOME/share/cdssetup/dfII/cds.lib'.
*WARNING* '/ece498hk/libs/T65GP_RFMIM_2fF_1P0V_2P5V_1p9m_6X1Z1U_ALRDL_OA61_PDK/cds.lib', Line 4: Skipping: '$CDSHOME/share/cdssetup/dfII/cds.lib'

*WARNING* LIB hfaroo9_digital from File /home/hfaroo9/498-pnr/ece498hk-RISCV-V-Extension/cadenceLib/cds.lib Line 34 redefines
LIB hfaroo9_digital from the same file (defined earlier.)
*WARNING* '/home/hfaroo9/498-pnr/ece498hk-RISCV-V-Extension/cadenceLib/cds.lib', Line 1: Cannot find file '$TSMC65RF/cds.lib'.
*WARNING* '/home/hfaroo9/498-pnr/ece498hk-RISCV-V-Extension/cadenceLib/cds.lib', Line 1: Skipping: '$TSMC65RF/cds.lib'

*WARNING* '/ece498hk/libs/T65GP_RFMIM_2fF_1P0V_2P5V_1p9m_6X1Z1U_ALRDL_OA61_PDK/cds.lib', Line 4: Cannot find file '$CDSHOME/share/cdssetup/dfII/cds.lib'.
*WARNING* '/ece498hk/libs/T65GP_RFMIM_2fF_1P0V_2P5V_1p9m_6X1Z1U_ALRDL_OA61_PDK/cds.lib', Line 4: Skipping: '$CDSHOME/share/cdssetup/dfII/cds.lib'

*WARNING* LIB hfaroo9_digital from File /home/hfaroo9/498-pnr/ece498hk-RISCV-V-Extension/cadenceLib/cds.lib Line 34 redefines
LIB hfaroo9_digital from the same file (defined earlier.)

Initializing from libInit.il for library tsmcN65...
   --  /ece498hk/libs/T65GP_RFMIM_2fF_1P0V_2P5V_1p9m_6X1Z1U_ALRDL_OA61_PDK/tsmcN65/../skill/pcode1.cxt
   --  /ece498hk/libs/T65GP_RFMIM_2fF_1P0V_2P5V_1p9m_6X1Z1U_ALRDL_OA61_PDK/tsmcN65/../skill/pcode2.cxt
   --  tsmcN65_updateCDFs.il
   --  tsmcPdkParamTable.il
   --  tsmc_esti.ile
   --  /ece498hk/libs/T65GP_RFMIM_2fF_1P0V_2P5V_1p9m_6X1Z1U_ALRDL_OA61_PDK/tsmcN65/../skill/tsmcN65gp_v1d0c.cxt
   --  /ece498hk/libs/T65GP_RFMIM_2fF_1P0V_2P5V_1p9m_6X1Z1U_ALRDL_OA61_PDK/tsmcN65/../skill/tsmcN65_newAMS.cxt
   --  /ece498hk/libs/T65GP_RFMIM_2fF_1P0V_2P5V_1p9m_6X1Z1U_ALRDL_OA61_PDK/tsmcN65/../skill/tsmcN65_newRTMOM.cxt
   --  /ece498hk/libs/T65GP_RFMIM_2fF_1P0V_2P5V_1p9m_6X1Z1U_ALRDL_OA61_PDK/tsmcN65/../skill/tsmcN65GP_v1d0.cxt
   --  tif_tcf_crn65gp_v1.0a.cxt
   --  tsmcN65.cxt
   --  tsmcN65Tool.cxt
   --  /ece498hk/libs/T65GP_RFMIM_2fF_1P0V_2P5V_1p9m_6X1Z1U_ALRDL_OA61_PDK/tsmcN65/../skill/tsmcN65GP_v1d0.cxt
   --  /ece498hk/libs/T65GP_RFMIM_2fF_1P0V_2P5V_1p9m_6X1Z1U_ALRDL_OA61_PDK/tsmcN65/../skill/tsmcN65_newRTMOM.cxt
*WARNING* (loadContext): context //ece498hk/libs/T65GP_RFMIM_2fF_1P0V_2P5V_1p9m_6X1Z1U_ALRDL_OA61_PDK/tsmcN65/../skill/64bit/tsmcN65GP_v1d0.cxt already loaded

   --  /ece498hk/libs/T65GP_RFMIM_2fF_1P0V_2P5V_1p9m_6X1Z1U_ALRDL_OA61_PDK/tsmcN65/../skill/tsmcN65_newAMS.cxt
*WARNING* (loadContext): context //ece498hk/libs/T65GP_RFMIM_2fF_1P0V_2P5V_1p9m_6X1Z1U_ALRDL_OA61_PDK/tsmcN65/../skill/64bit/tsmcN65_newRTMOM.cxt already loaded

*WARNING* (loadContext): context //ece498hk/libs/T65GP_RFMIM_2fF_1P0V_2P5V_1p9m_6X1Z1U_ALRDL_OA61_PDK/tsmcN65/../skill/64bit/tsmcN65_newAMS.cxt already loaded

Loading hnlInit.cxt 
Running Artist Hierarchical Netlisting ...

Loading cdf.cxt 
End netlisting Dec 25 18:21:04 2022

